The system is: Linux - 2.6.32-754.28.1.el6.x86_64 - x86_64
Compiling the C compiler identification source file "CMakeCCompilerId.c" succeeded.
Compiler: /cvmfs/fermilab.opensciencegrid.org/products/larsoft/gcc/v8_2_0/Linux64bit+2.6-2.12/bin/cc 
Build flags: 
Id flags:  

The output was:
0


Compilation of the C compiler identification source "CMakeCCompilerId.c" produced "a.out"

The C compiler identification is GNU, found in "/icarus/app/users/aw325/Analysis/icarus_pmt_analysis/buildir/CMakeFiles/3.14.3/CompilerIdC/a.out"

Compiling the CXX compiler identification source file "CMakeCXXCompilerId.cpp" succeeded.
Compiler: /cvmfs/fermilab.opensciencegrid.org/products/larsoft/gcc/v8_2_0/Linux64bit+2.6-2.12/bin/c++ 
Build flags: 
Id flags:  

The output was:
0


Compilation of the CXX compiler identification source "CMakeCXXCompilerId.cpp" produced "a.out"

The CXX compiler identification is GNU, found in "/icarus/app/users/aw325/Analysis/icarus_pmt_analysis/buildir/CMakeFiles/3.14.3/CompilerIdCXX/a.out"

Determining if the C compiler works passed with the following output:
Change Dir: /icarus/app/users/aw325/Analysis/icarus_pmt_analysis/buildir/CMakeFiles/CMakeTmp

Run Build Command(s):/usr/bin/gmake cmTC_c51d9/fast 
/usr/bin/gmake -f CMakeFiles/cmTC_c51d9.dir/build.make CMakeFiles/cmTC_c51d9.dir/build
gmake[1]: Entering directory `/icarus/app/users/aw325/Analysis/icarus_pmt_analysis/buildir/CMakeFiles/CMakeTmp'
Building C object CMakeFiles/cmTC_c51d9.dir/testCCompiler.c.o
/cvmfs/fermilab.opensciencegrid.org/products/larsoft/gcc/v8_2_0/Linux64bit+2.6-2.12/bin/cc    -o CMakeFiles/cmTC_c51d9.dir/testCCompiler.c.o   -c /icarus/app/users/aw325/Analysis/icarus_pmt_analysis/buildir/CMakeFiles/CMakeTmp/testCCompiler.c
Linking C executable cmTC_c51d9
/cvmfs/larsoft.opensciencegrid.org/products/cmake/v3_14_3/Linux64bit+2.6-2.12/bin/cmake -E cmake_link_script CMakeFiles/cmTC_c51d9.dir/link.txt --verbose=1
/cvmfs/fermilab.opensciencegrid.org/products/larsoft/gcc/v8_2_0/Linux64bit+2.6-2.12/bin/cc      -rdynamic CMakeFiles/cmTC_c51d9.dir/testCCompiler.c.o  -o cmTC_c51d9 
gmake[1]: Leaving directory `/icarus/app/users/aw325/Analysis/icarus_pmt_analysis/buildir/CMakeFiles/CMakeTmp'


Detecting C compiler ABI info compiled with the following output:
Change Dir: /icarus/app/users/aw325/Analysis/icarus_pmt_analysis/buildir/CMakeFiles/CMakeTmp

Run Build Command(s):/usr/bin/gmake cmTC_dfa05/fast 
/usr/bin/gmake -f CMakeFiles/cmTC_dfa05.dir/build.make CMakeFiles/cmTC_dfa05.dir/build
gmake[1]: Entering directory `/icarus/app/users/aw325/Analysis/icarus_pmt_analysis/buildir/CMakeFiles/CMakeTmp'
Building C object CMakeFiles/cmTC_dfa05.dir/CMakeCCompilerABI.c.o
/cvmfs/fermilab.opensciencegrid.org/products/larsoft/gcc/v8_2_0/Linux64bit+2.6-2.12/bin/cc   -v -o CMakeFiles/cmTC_dfa05.dir/CMakeCCompilerABI.c.o   -c /cvmfs/larsoft.opensciencegrid.org/products/cmake/v3_14_3/Linux64bit+2.6-2.12/share/cmake-3.14/Modules/CMakeCCompilerABI.c
Using built-in specs.
COLLECT_GCC=/cvmfs/fermilab.opensciencegrid.org/products/larsoft/gcc/v8_2_0/Linux64bit+2.6-2.12/bin/cc
Target: x86_64-pc-linux-gnu
Configured with: ./configure --prefix=/home/greenc/work/cet-is/test-products/gcc/v8_2_0/Linux64bit+2.6-2.12 --disable-libgcj --enable-threads=posix --enable-__cxa_atexit --enable-languages=c,c++,fortran,lto --with-system-zlib --enable-libstdcxx-time=rt --enable-stage1-checking=yes --enable-checking=release --enable-plugin
Thread model: posix
gcc version 8.2.0 (GCC) 
COLLECT_GCC_OPTIONS='-v' '-o' 'CMakeFiles/cmTC_dfa05.dir/CMakeCCompilerABI.c.o' '-c' '-mtune=generic' '-march=x86-64'
 /cvmfs/larsoft.opensciencegrid.org/products/gcc/v8_2_0/Linux64bit+2.6-2.12/bin/../libexec/gcc/x86_64-pc-linux-gnu/8.2.0/cc1 -quiet -v -iprefix /cvmfs/larsoft.opensciencegrid.org/products/gcc/v8_2_0/Linux64bit+2.6-2.12/bin/../lib/gcc/x86_64-pc-linux-gnu/8.2.0/ /cvmfs/larsoft.opensciencegrid.org/products/cmake/v3_14_3/Linux64bit+2.6-2.12/share/cmake-3.14/Modules/CMakeCCompilerABI.c -quiet -dumpbase CMakeCCompilerABI.c -mtune=generic -march=x86-64 -auxbase-strip CMakeFiles/cmTC_dfa05.dir/CMakeCCompilerABI.c.o -version -o /tmp/ccXfG83z.s
GNU C17 (GCC) version 8.2.0 (x86_64-pc-linux-gnu)
	compiled by GNU C version 8.2.0, GMP version 6.1.2, MPFR version 4.0.1-p11, MPC version 1.1.0, isl version isl-0.18-GMP

GGC heuristics: --param ggc-min-expand=100 --param ggc-min-heapsize=131072
ignoring nonexistent directory "/cvmfs/larsoft.opensciencegrid.org/products/gcc/v8_2_0/Linux64bit+2.6-2.12/bin/../lib/gcc/x86_64-pc-linux-gnu/8.2.0/../../../../x86_64-pc-linux-gnu/include"
ignoring duplicate directory "/cvmfs/larsoft.opensciencegrid.org/products/gcc/v8_2_0/Linux64bit+2.6-2.12/bin/../lib/gcc/../../lib/gcc/x86_64-pc-linux-gnu/8.2.0/include"
ignoring duplicate directory "/cvmfs/larsoft.opensciencegrid.org/products/gcc/v8_2_0/Linux64bit+2.6-2.12/bin/../lib/gcc/../../lib/gcc/x86_64-pc-linux-gnu/8.2.0/include-fixed"
ignoring nonexistent directory "/cvmfs/larsoft.opensciencegrid.org/products/gcc/v8_2_0/Linux64bit+2.6-2.12/bin/../lib/gcc/../../lib/gcc/x86_64-pc-linux-gnu/8.2.0/../../../../x86_64-pc-linux-gnu/include"
#include "..." search starts here:
#include <...> search starts here:
 /cvmfs/fermilab.opensciencegrid.org/products/larsoft/tbb/v2019_3/Linux64bit+2.6-2.12-e19-debug/include
 /cvmfs/larsoft.opensciencegrid.org/products/gcc/v8_2_0/Linux64bit+2.6-2.12/bin/../lib/gcc/x86_64-pc-linux-gnu/8.2.0/include
 /cvmfs/larsoft.opensciencegrid.org/products/gcc/v8_2_0/Linux64bit+2.6-2.12/bin/../lib/gcc/x86_64-pc-linux-gnu/8.2.0/include-fixed
 /usr/local/include
 /cvmfs/larsoft.opensciencegrid.org/products/gcc/v8_2_0/Linux64bit+2.6-2.12/bin/../lib/gcc/../../include
 /usr/include
End of search list.
GNU C17 (GCC) version 8.2.0 (x86_64-pc-linux-gnu)
	compiled by GNU C version 8.2.0, GMP version 6.1.2, MPFR version 4.0.1-p11, MPC version 1.1.0, isl version isl-0.18-GMP

GGC heuristics: --param ggc-min-expand=100 --param ggc-min-heapsize=131072
Compiler executable checksum: b059a455f37c08e50518cc6d4c7fb332
COLLECT_GCC_OPTIONS='-v' '-o' 'CMakeFiles/cmTC_dfa05.dir/CMakeCCompilerABI.c.o' '-c' '-mtune=generic' '-march=x86-64'
 as -v --64 -o CMakeFiles/cmTC_dfa05.dir/CMakeCCompilerABI.c.o /tmp/ccXfG83z.s
GNU assembler version 2.20.51.0.2 (x86_64-redhat-linux) using BFD version version 2.20.51.0.2-5.48.el6 20100205
COMPILER_PATH=/cvmfs/larsoft.opensciencegrid.org/products/gcc/v8_2_0/Linux64bit+2.6-2.12/bin/../libexec/gcc/x86_64-pc-linux-gnu/8.2.0/:/cvmfs/larsoft.opensciencegrid.org/products/gcc/v8_2_0/Linux64bit+2.6-2.12/bin/../libexec/gcc/:/cvmfs/fermilab.opensciencegrid.org/products/larsoft/gcc/v8_2_0/Linux64bit+2.6-2.12/bin/
LIBRARY_PATH=/cvmfs/larsoft.opensciencegrid.org/products/gcc/v8_2_0/Linux64bit+2.6-2.12/bin/../lib/gcc/x86_64-pc-linux-gnu/8.2.0/:/cvmfs/larsoft.opensciencegrid.org/products/gcc/v8_2_0/Linux64bit+2.6-2.12/bin/../lib/gcc/:/cvmfs/larsoft.opensciencegrid.org/products/gcc/v8_2_0/Linux64bit+2.6-2.12/bin/../lib/gcc/x86_64-pc-linux-gnu/8.2.0/../../../../lib64/:/lib/../lib64/:/usr/lib/../lib64/:/cvmfs/larsoft.opensciencegrid.org/products/gcc/v8_2_0/Linux64bit+2.6-2.12/bin/../lib/gcc/x86_64-pc-linux-gnu/8.2.0/../../../:/lib/:/usr/lib/
COLLECT_GCC_OPTIONS='-v' '-o' 'CMakeFiles/cmTC_dfa05.dir/CMakeCCompilerABI.c.o' '-c' '-mtune=generic' '-march=x86-64'
Linking C executable cmTC_dfa05
/cvmfs/larsoft.opensciencegrid.org/products/cmake/v3_14_3/Linux64bit+2.6-2.12/bin/cmake -E cmake_link_script CMakeFiles/cmTC_dfa05.dir/link.txt --verbose=1
/cvmfs/fermilab.opensciencegrid.org/products/larsoft/gcc/v8_2_0/Linux64bit+2.6-2.12/bin/cc     -v -rdynamic CMakeFiles/cmTC_dfa05.dir/CMakeCCompilerABI.c.o  -o cmTC_dfa05 
Using built-in specs.
COLLECT_GCC=/cvmfs/fermilab.opensciencegrid.org/products/larsoft/gcc/v8_2_0/Linux64bit+2.6-2.12/bin/cc
COLLECT_LTO_WRAPPER=/cvmfs/larsoft.opensciencegrid.org/products/gcc/v8_2_0/Linux64bit+2.6-2.12/bin/../libexec/gcc/x86_64-pc-linux-gnu/8.2.0/lto-wrapper
Target: x86_64-pc-linux-gnu
Configured with: ./configure --prefix=/home/greenc/work/cet-is/test-products/gcc/v8_2_0/Linux64bit+2.6-2.12 --disable-libgcj --enable-threads=posix --enable-__cxa_atexit --enable-languages=c,c++,fortran,lto --with-system-zlib --enable-libstdcxx-time=rt --enable-stage1-checking=yes --enable-checking=release --enable-plugin
Thread model: posix
gcc version 8.2.0 (GCC) 
COMPILER_PATH=/cvmfs/larsoft.opensciencegrid.org/products/gcc/v8_2_0/Linux64bit+2.6-2.12/bin/../libexec/gcc/x86_64-pc-linux-gnu/8.2.0/:/cvmfs/larsoft.opensciencegrid.org/products/gcc/v8_2_0/Linux64bit+2.6-2.12/bin/../libexec/gcc/:/cvmfs/fermilab.opensciencegrid.org/products/larsoft/gcc/v8_2_0/Linux64bit+2.6-2.12/bin/
LIBRARY_PATH=/cvmfs/larsoft.opensciencegrid.org/products/gcc/v8_2_0/Linux64bit+2.6-2.12/bin/../lib/gcc/x86_64-pc-linux-gnu/8.2.0/:/cvmfs/larsoft.opensciencegrid.org/products/gcc/v8_2_0/Linux64bit+2.6-2.12/bin/../lib/gcc/:/cvmfs/larsoft.opensciencegrid.org/products/gcc/v8_2_0/Linux64bit+2.6-2.12/bin/../lib/gcc/x86_64-pc-linux-gnu/8.2.0/../../../../lib64/:/lib/../lib64/:/usr/lib/../lib64/:/cvmfs/larsoft.opensciencegrid.org/products/gcc/v8_2_0/Linux64bit+2.6-2.12/bin/../lib/gcc/x86_64-pc-linux-gnu/8.2.0/../../../:/lib/:/usr/lib/
COLLECT_GCC_OPTIONS='-v' '-rdynamic' '-o' 'cmTC_dfa05' '-mtune=generic' '-march=x86-64'
 /cvmfs/larsoft.opensciencegrid.org/products/gcc/v8_2_0/Linux64bit+2.6-2.12/bin/../libexec/gcc/x86_64-pc-linux-gnu/8.2.0/collect2 --eh-frame-hdr -m elf_x86_64 -export-dynamic -dynamic-linker /lib64/ld-linux-x86-64.so.2 -o cmTC_dfa05 /usr/lib/../lib64/crt1.o /usr/lib/../lib64/crti.o /cvmfs/larsoft.opensciencegrid.org/products/gcc/v8_2_0/Linux64bit+2.6-2.12/bin/../lib/gcc/x86_64-pc-linux-gnu/8.2.0/crtbegin.o -L/cvmfs/larsoft.opensciencegrid.org/products/gcc/v8_2_0/Linux64bit+2.6-2.12/bin/../lib/gcc/x86_64-pc-linux-gnu/8.2.0 -L/cvmfs/larsoft.opensciencegrid.org/products/gcc/v8_2_0/Linux64bit+2.6-2.12/bin/../lib/gcc -L/cvmfs/larsoft.opensciencegrid.org/products/gcc/v8_2_0/Linux64bit+2.6-2.12/bin/../lib/gcc/x86_64-pc-linux-gnu/8.2.0/../../../../lib64 -L/lib/../lib64 -L/usr/lib/../lib64 -L/cvmfs/larsoft.opensciencegrid.org/products/gcc/v8_2_0/Linux64bit+2.6-2.12/bin/../lib/gcc/x86_64-pc-linux-gnu/8.2.0/../../.. CMakeFiles/cmTC_dfa05.dir/CMakeCCompilerABI.c.o -lgcc --as-needed -lgcc_s --no-as-needed -lc -lgcc --as-needed -lgcc_s --no-as-needed /cvmfs/larsoft.opensciencegrid.org/products/gcc/v8_2_0/Linux64bit+2.6-2.12/bin/../lib/gcc/x86_64-pc-linux-gnu/8.2.0/crtend.o /usr/lib/../lib64/crtn.o
COLLECT_GCC_OPTIONS='-v' '-rdynamic' '-o' 'cmTC_dfa05' '-mtune=generic' '-march=x86-64'
gmake[1]: Leaving directory `/icarus/app/users/aw325/Analysis/icarus_pmt_analysis/buildir/CMakeFiles/CMakeTmp'


Parsed C implicit include dir info from above output: rv=done
  found start of include info
  found start of implicit include info
    add: [/cvmfs/fermilab.opensciencegrid.org/products/larsoft/tbb/v2019_3/Linux64bit+2.6-2.12-e19-debug/include]
    add: [/cvmfs/larsoft.opensciencegrid.org/products/gcc/v8_2_0/Linux64bit+2.6-2.12/bin/../lib/gcc/x86_64-pc-linux-gnu/8.2.0/include]
    add: [/cvmfs/larsoft.opensciencegrid.org/products/gcc/v8_2_0/Linux64bit+2.6-2.12/bin/../lib/gcc/x86_64-pc-linux-gnu/8.2.0/include-fixed]
    add: [/usr/local/include]
    add: [/cvmfs/larsoft.opensciencegrid.org/products/gcc/v8_2_0/Linux64bit+2.6-2.12/bin/../lib/gcc/../../include]
    add: [/usr/include]
  end of search list found
  collapse include dir [/cvmfs/fermilab.opensciencegrid.org/products/larsoft/tbb/v2019_3/Linux64bit+2.6-2.12-e19-debug/include] ==> [/cvmfs/fermilab.opensciencegrid.org/products/larsoft/tbb/v2019_3/Linux64bit+2.6-2.12-e19-debug/include]
  collapse include dir [/cvmfs/larsoft.opensciencegrid.org/products/gcc/v8_2_0/Linux64bit+2.6-2.12/bin/../lib/gcc/x86_64-pc-linux-gnu/8.2.0/include] ==> [/cvmfs/larsoft.opensciencegrid.org/products/gcc/v8_2_0/Linux64bit+2.6-2.12/lib/gcc/x86_64-pc-linux-gnu/8.2.0/include]
  collapse include dir [/cvmfs/larsoft.opensciencegrid.org/products/gcc/v8_2_0/Linux64bit+2.6-2.12/bin/../lib/gcc/x86_64-pc-linux-gnu/8.2.0/include-fixed] ==> [/cvmfs/larsoft.opensciencegrid.org/products/gcc/v8_2_0/Linux64bit+2.6-2.12/lib/gcc/x86_64-pc-linux-gnu/8.2.0/include-fixed]
  collapse include dir [/usr/local/include] ==> [/usr/local/include]
  collapse include dir [/cvmfs/larsoft.opensciencegrid.org/products/gcc/v8_2_0/Linux64bit+2.6-2.12/bin/../lib/gcc/../../include] ==> [/cvmfs/larsoft.opensciencegrid.org/products/gcc/v8_2_0/Linux64bit+2.6-2.12/include]
  collapse include dir [/usr/include] ==> [/usr/include]
  implicit include dirs: [/cvmfs/fermilab.opensciencegrid.org/products/larsoft/tbb/v2019_3/Linux64bit+2.6-2.12-e19-debug/include;/cvmfs/larsoft.opensciencegrid.org/products/gcc/v8_2_0/Linux64bit+2.6-2.12/lib/gcc/x86_64-pc-linux-gnu/8.2.0/include;/cvmfs/larsoft.opensciencegrid.org/products/gcc/v8_2_0/Linux64bit+2.6-2.12/lib/gcc/x86_64-pc-linux-gnu/8.2.0/include-fixed;/usr/local/include;/cvmfs/larsoft.opensciencegrid.org/products/gcc/v8_2_0/Linux64bit+2.6-2.12/include;/usr/include]


Parsed C implicit link information from above output:
  link line regex: [^( *|.*[/\])(ld|CMAKE_LINK_STARTFILE-NOTFOUND|([^/\]+-)?ld|collect2)[^/\]*( |$)]
  ignore line: [Change Dir: /icarus/app/users/aw325/Analysis/icarus_pmt_analysis/buildir/CMakeFiles/CMakeTmp]
  ignore line: []
  ignore line: [Run Build Command(s):/usr/bin/gmake cmTC_dfa05/fast ]
  ignore line: [/usr/bin/gmake -f CMakeFiles/cmTC_dfa05.dir/build.make CMakeFiles/cmTC_dfa05.dir/build]
  ignore line: [gmake[1]: Entering directory `/icarus/app/users/aw325/Analysis/icarus_pmt_analysis/buildir/CMakeFiles/CMakeTmp']
  ignore line: [Building C object CMakeFiles/cmTC_dfa05.dir/CMakeCCompilerABI.c.o]
  ignore line: [/cvmfs/fermilab.opensciencegrid.org/products/larsoft/gcc/v8_2_0/Linux64bit+2.6-2.12/bin/cc   -v -o CMakeFiles/cmTC_dfa05.dir/CMakeCCompilerABI.c.o   -c /cvmfs/larsoft.opensciencegrid.org/products/cmake/v3_14_3/Linux64bit+2.6-2.12/share/cmake-3.14/Modules/CMakeCCompilerABI.c]
  ignore line: [Using built-in specs.]
  ignore line: [COLLECT_GCC=/cvmfs/fermilab.opensciencegrid.org/products/larsoft/gcc/v8_2_0/Linux64bit+2.6-2.12/bin/cc]
  ignore line: [Target: x86_64-pc-linux-gnu]
  ignore line: [Configured with: ./configure --prefix=/home/greenc/work/cet-is/test-products/gcc/v8_2_0/Linux64bit+2.6-2.12 --disable-libgcj --enable-threads=posix --enable-__cxa_atexit --enable-languages=c,c++,fortran,lto --with-system-zlib --enable-libstdcxx-time=rt --enable-stage1-checking=yes --enable-checking=release --enable-plugin]
  ignore line: [Thread model: posix]
  ignore line: [gcc version 8.2.0 (GCC) ]
  ignore line: [COLLECT_GCC_OPTIONS='-v' '-o' 'CMakeFiles/cmTC_dfa05.dir/CMakeCCompilerABI.c.o' '-c' '-mtune=generic' '-march=x86-64']
  ignore line: [ /cvmfs/larsoft.opensciencegrid.org/products/gcc/v8_2_0/Linux64bit+2.6-2.12/bin/../libexec/gcc/x86_64-pc-linux-gnu/8.2.0/cc1 -quiet -v -iprefix /cvmfs/larsoft.opensciencegrid.org/products/gcc/v8_2_0/Linux64bit+2.6-2.12/bin/../lib/gcc/x86_64-pc-linux-gnu/8.2.0/ /cvmfs/larsoft.opensciencegrid.org/products/cmake/v3_14_3/Linux64bit+2.6-2.12/share/cmake-3.14/Modules/CMakeCCompilerABI.c -quiet -dumpbase CMakeCCompilerABI.c -mtune=generic -march=x86-64 -auxbase-strip CMakeFiles/cmTC_dfa05.dir/CMakeCCompilerABI.c.o -version -o /tmp/ccXfG83z.s]
  ignore line: [GNU C17 (GCC) version 8.2.0 (x86_64-pc-linux-gnu)]
  ignore line: [	compiled by GNU C version 8.2.0, GMP version 6.1.2, MPFR version 4.0.1-p11, MPC version 1.1.0, isl version isl-0.18-GMP]
  ignore line: []
  ignore line: [GGC heuristics: --param ggc-min-expand=100 --param ggc-min-heapsize=131072]
  ignore line: [ignoring nonexistent directory "/cvmfs/larsoft.opensciencegrid.org/products/gcc/v8_2_0/Linux64bit+2.6-2.12/bin/../lib/gcc/x86_64-pc-linux-gnu/8.2.0/../../../../x86_64-pc-linux-gnu/include"]
  ignore line: [ignoring duplicate directory "/cvmfs/larsoft.opensciencegrid.org/products/gcc/v8_2_0/Linux64bit+2.6-2.12/bin/../lib/gcc/../../lib/gcc/x86_64-pc-linux-gnu/8.2.0/include"]
  ignore line: [ignoring duplicate directory "/cvmfs/larsoft.opensciencegrid.org/products/gcc/v8_2_0/Linux64bit+2.6-2.12/bin/../lib/gcc/../../lib/gcc/x86_64-pc-linux-gnu/8.2.0/include-fixed"]
  ignore line: [ignoring nonexistent directory "/cvmfs/larsoft.opensciencegrid.org/products/gcc/v8_2_0/Linux64bit+2.6-2.12/bin/../lib/gcc/../../lib/gcc/x86_64-pc-linux-gnu/8.2.0/../../../../x86_64-pc-linux-gnu/include"]
  ignore line: [#include "..." search starts here:]
  ignore line: [#include <...> search starts here:]
  ignore line: [ /cvmfs/fermilab.opensciencegrid.org/products/larsoft/tbb/v2019_3/Linux64bit+2.6-2.12-e19-debug/include]
  ignore line: [ /cvmfs/larsoft.opensciencegrid.org/products/gcc/v8_2_0/Linux64bit+2.6-2.12/bin/../lib/gcc/x86_64-pc-linux-gnu/8.2.0/include]
  ignore line: [ /cvmfs/larsoft.opensciencegrid.org/products/gcc/v8_2_0/Linux64bit+2.6-2.12/bin/../lib/gcc/x86_64-pc-linux-gnu/8.2.0/include-fixed]
  ignore line: [ /usr/local/include]
  ignore line: [ /cvmfs/larsoft.opensciencegrid.org/products/gcc/v8_2_0/Linux64bit+2.6-2.12/bin/../lib/gcc/../../include]
  ignore line: [ /usr/include]
  ignore line: [End of search list.]
  ignore line: [GNU C17 (GCC) version 8.2.0 (x86_64-pc-linux-gnu)]
  ignore line: [	compiled by GNU C version 8.2.0, GMP version 6.1.2, MPFR version 4.0.1-p11, MPC version 1.1.0, isl version isl-0.18-GMP]
  ignore line: []
  ignore line: [GGC heuristics: --param ggc-min-expand=100 --param ggc-min-heapsize=131072]
  ignore line: [Compiler executable checksum: b059a455f37c08e50518cc6d4c7fb332]
  ignore line: [COLLECT_GCC_OPTIONS='-v' '-o' 'CMakeFiles/cmTC_dfa05.dir/CMakeCCompilerABI.c.o' '-c' '-mtune=generic' '-march=x86-64']
  ignore line: [ as -v --64 -o CMakeFiles/cmTC_dfa05.dir/CMakeCCompilerABI.c.o /tmp/ccXfG83z.s]
  ignore line: [GNU assembler version 2.20.51.0.2 (x86_64-redhat-linux) using BFD version version 2.20.51.0.2-5.48.el6 20100205]
  ignore line: [COMPILER_PATH=/cvmfs/larsoft.opensciencegrid.org/products/gcc/v8_2_0/Linux64bit+2.6-2.12/bin/../libexec/gcc/x86_64-pc-linux-gnu/8.2.0/:/cvmfs/larsoft.opensciencegrid.org/products/gcc/v8_2_0/Linux64bit+2.6-2.12/bin/../libexec/gcc/:/cvmfs/fermilab.opensciencegrid.org/products/larsoft/gcc/v8_2_0/Linux64bit+2.6-2.12/bin/]
  ignore line: [LIBRARY_PATH=/cvmfs/larsoft.opensciencegrid.org/products/gcc/v8_2_0/Linux64bit+2.6-2.12/bin/../lib/gcc/x86_64-pc-linux-gnu/8.2.0/:/cvmfs/larsoft.opensciencegrid.org/products/gcc/v8_2_0/Linux64bit+2.6-2.12/bin/../lib/gcc/:/cvmfs/larsoft.opensciencegrid.org/products/gcc/v8_2_0/Linux64bit+2.6-2.12/bin/../lib/gcc/x86_64-pc-linux-gnu/8.2.0/../../../../lib64/:/lib/../lib64/:/usr/lib/../lib64/:/cvmfs/larsoft.opensciencegrid.org/products/gcc/v8_2_0/Linux64bit+2.6-2.12/bin/../lib/gcc/x86_64-pc-linux-gnu/8.2.0/../../../:/lib/:/usr/lib/]
  ignore line: [COLLECT_GCC_OPTIONS='-v' '-o' 'CMakeFiles/cmTC_dfa05.dir/CMakeCCompilerABI.c.o' '-c' '-mtune=generic' '-march=x86-64']
  ignore line: [Linking C executable cmTC_dfa05]
  ignore line: [/cvmfs/larsoft.opensciencegrid.org/products/cmake/v3_14_3/Linux64bit+2.6-2.12/bin/cmake -E cmake_link_script CMakeFiles/cmTC_dfa05.dir/link.txt --verbose=1]
  ignore line: [/cvmfs/fermilab.opensciencegrid.org/products/larsoft/gcc/v8_2_0/Linux64bit+2.6-2.12/bin/cc     -v -rdynamic CMakeFiles/cmTC_dfa05.dir/CMakeCCompilerABI.c.o  -o cmTC_dfa05 ]
  ignore line: [Using built-in specs.]
  ignore line: [COLLECT_GCC=/cvmfs/fermilab.opensciencegrid.org/products/larsoft/gcc/v8_2_0/Linux64bit+2.6-2.12/bin/cc]
  ignore line: [COLLECT_LTO_WRAPPER=/cvmfs/larsoft.opensciencegrid.org/products/gcc/v8_2_0/Linux64bit+2.6-2.12/bin/../libexec/gcc/x86_64-pc-linux-gnu/8.2.0/lto-wrapper]
  ignore line: [Target: x86_64-pc-linux-gnu]
  ignore line: [Configured with: ./configure --prefix=/home/greenc/work/cet-is/test-products/gcc/v8_2_0/Linux64bit+2.6-2.12 --disable-libgcj --enable-threads=posix --enable-__cxa_atexit --enable-languages=c,c++,fortran,lto --with-system-zlib --enable-libstdcxx-time=rt --enable-stage1-checking=yes --enable-checking=release --enable-plugin]
  ignore line: [Thread model: posix]
  ignore line: [gcc version 8.2.0 (GCC) ]
  ignore line: [COMPILER_PATH=/cvmfs/larsoft.opensciencegrid.org/products/gcc/v8_2_0/Linux64bit+2.6-2.12/bin/../libexec/gcc/x86_64-pc-linux-gnu/8.2.0/:/cvmfs/larsoft.opensciencegrid.org/products/gcc/v8_2_0/Linux64bit+2.6-2.12/bin/../libexec/gcc/:/cvmfs/fermilab.opensciencegrid.org/products/larsoft/gcc/v8_2_0/Linux64bit+2.6-2.12/bin/]
  ignore line: [LIBRARY_PATH=/cvmfs/larsoft.opensciencegrid.org/products/gcc/v8_2_0/Linux64bit+2.6-2.12/bin/../lib/gcc/x86_64-pc-linux-gnu/8.2.0/:/cvmfs/larsoft.opensciencegrid.org/products/gcc/v8_2_0/Linux64bit+2.6-2.12/bin/../lib/gcc/:/cvmfs/larsoft.opensciencegrid.org/products/gcc/v8_2_0/Linux64bit+2.6-2.12/bin/../lib/gcc/x86_64-pc-linux-gnu/8.2.0/../../../../lib64/:/lib/../lib64/:/usr/lib/../lib64/:/cvmfs/larsoft.opensciencegrid.org/products/gcc/v8_2_0/Linux64bit+2.6-2.12/bin/../lib/gcc/x86_64-pc-linux-gnu/8.2.0/../../../:/lib/:/usr/lib/]
  ignore line: [COLLECT_GCC_OPTIONS='-v' '-rdynamic' '-o' 'cmTC_dfa05' '-mtune=generic' '-march=x86-64']
  link line: [ /cvmfs/larsoft.opensciencegrid.org/products/gcc/v8_2_0/Linux64bit+2.6-2.12/bin/../libexec/gcc/x86_64-pc-linux-gnu/8.2.0/collect2 --eh-frame-hdr -m elf_x86_64 -export-dynamic -dynamic-linker /lib64/ld-linux-x86-64.so.2 -o cmTC_dfa05 /usr/lib/../lib64/crt1.o /usr/lib/../lib64/crti.o /cvmfs/larsoft.opensciencegrid.org/products/gcc/v8_2_0/Linux64bit+2.6-2.12/bin/../lib/gcc/x86_64-pc-linux-gnu/8.2.0/crtbegin.o -L/cvmfs/larsoft.opensciencegrid.org/products/gcc/v8_2_0/Linux64bit+2.6-2.12/bin/../lib/gcc/x86_64-pc-linux-gnu/8.2.0 -L/cvmfs/larsoft.opensciencegrid.org/products/gcc/v8_2_0/Linux64bit+2.6-2.12/bin/../lib/gcc -L/cvmfs/larsoft.opensciencegrid.org/products/gcc/v8_2_0/Linux64bit+2.6-2.12/bin/../lib/gcc/x86_64-pc-linux-gnu/8.2.0/../../../../lib64 -L/lib/../lib64 -L/usr/lib/../lib64 -L/cvmfs/larsoft.opensciencegrid.org/products/gcc/v8_2_0/Linux64bit+2.6-2.12/bin/../lib/gcc/x86_64-pc-linux-gnu/8.2.0/../../.. CMakeFiles/cmTC_dfa05.dir/CMakeCCompilerABI.c.o -lgcc --as-needed -lgcc_s --no-as-needed -lc -lgcc --as-needed -lgcc_s --no-as-needed /cvmfs/larsoft.opensciencegrid.org/products/gcc/v8_2_0/Linux64bit+2.6-2.12/bin/../lib/gcc/x86_64-pc-linux-gnu/8.2.0/crtend.o /usr/lib/../lib64/crtn.o]
    arg [/cvmfs/larsoft.opensciencegrid.org/products/gcc/v8_2_0/Linux64bit+2.6-2.12/bin/../libexec/gcc/x86_64-pc-linux-gnu/8.2.0/collect2] ==> ignore
    arg [--eh-frame-hdr] ==> ignore
    arg [-m] ==> ignore
    arg [elf_x86_64] ==> ignore
    arg [-export-dynamic] ==> ignore
    arg [-dynamic-linker] ==> ignore
    arg [/lib64/ld-linux-x86-64.so.2] ==> ignore
    arg [-o] ==> ignore
    arg [cmTC_dfa05] ==> ignore
    arg [/usr/lib/../lib64/crt1.o] ==> ignore
    arg [/usr/lib/../lib64/crti.o] ==> ignore
    arg [/cvmfs/larsoft.opensciencegrid.org/products/gcc/v8_2_0/Linux64bit+2.6-2.12/bin/../lib/gcc/x86_64-pc-linux-gnu/8.2.0/crtbegin.o] ==> ignore
    arg [-L/cvmfs/larsoft.opensciencegrid.org/products/gcc/v8_2_0/Linux64bit+2.6-2.12/bin/../lib/gcc/x86_64-pc-linux-gnu/8.2.0] ==> dir [/cvmfs/larsoft.opensciencegrid.org/products/gcc/v8_2_0/Linux64bit+2.6-2.12/bin/../lib/gcc/x86_64-pc-linux-gnu/8.2.0]
    arg [-L/cvmfs/larsoft.opensciencegrid.org/products/gcc/v8_2_0/Linux64bit+2.6-2.12/bin/../lib/gcc] ==> dir [/cvmfs/larsoft.opensciencegrid.org/products/gcc/v8_2_0/Linux64bit+2.6-2.12/bin/../lib/gcc]
    arg [-L/cvmfs/larsoft.opensciencegrid.org/products/gcc/v8_2_0/Linux64bit+2.6-2.12/bin/../lib/gcc/x86_64-pc-linux-gnu/8.2.0/../../../../lib64] ==> dir [/cvmfs/larsoft.opensciencegrid.org/products/gcc/v8_2_0/Linux64bit+2.6-2.12/bin/../lib/gcc/x86_64-pc-linux-gnu/8.2.0/../../../../lib64]
    arg [-L/lib/../lib64] ==> dir [/lib/../lib64]
    arg [-L/usr/lib/../lib64] ==> dir [/usr/lib/../lib64]
    arg [-L/cvmfs/larsoft.opensciencegrid.org/products/gcc/v8_2_0/Linux64bit+2.6-2.12/bin/../lib/gcc/x86_64-pc-linux-gnu/8.2.0/../../..] ==> dir [/cvmfs/larsoft.opensciencegrid.org/products/gcc/v8_2_0/Linux64bit+2.6-2.12/bin/../lib/gcc/x86_64-pc-linux-gnu/8.2.0/../../..]
    arg [CMakeFiles/cmTC_dfa05.dir/CMakeCCompilerABI.c.o] ==> ignore
    arg [-lgcc] ==> lib [gcc]
    arg [--as-needed] ==> ignore
    arg [-lgcc_s] ==> lib [gcc_s]
    arg [--no-as-needed] ==> ignore
    arg [-lc] ==> lib [c]
    arg [-lgcc] ==> lib [gcc]
    arg [--as-needed] ==> ignore
    arg [-lgcc_s] ==> lib [gcc_s]
    arg [--no-as-needed] ==> ignore
    arg [/cvmfs/larsoft.opensciencegrid.org/products/gcc/v8_2_0/Linux64bit+2.6-2.12/bin/../lib/gcc/x86_64-pc-linux-gnu/8.2.0/crtend.o] ==> ignore
    arg [/usr/lib/../lib64/crtn.o] ==> ignore
  collapse library dir [/cvmfs/larsoft.opensciencegrid.org/products/gcc/v8_2_0/Linux64bit+2.6-2.12/bin/../lib/gcc/x86_64-pc-linux-gnu/8.2.0] ==> [/cvmfs/larsoft.opensciencegrid.org/products/gcc/v8_2_0/Linux64bit+2.6-2.12/lib/gcc/x86_64-pc-linux-gnu/8.2.0]
  collapse library dir [/cvmfs/larsoft.opensciencegrid.org/products/gcc/v8_2_0/Linux64bit+2.6-2.12/bin/../lib/gcc] ==> [/cvmfs/larsoft.opensciencegrid.org/products/gcc/v8_2_0/Linux64bit+2.6-2.12/lib/gcc]
  collapse library dir [/cvmfs/larsoft.opensciencegrid.org/products/gcc/v8_2_0/Linux64bit+2.6-2.12/bin/../lib/gcc/x86_64-pc-linux-gnu/8.2.0/../../../../lib64] ==> [/cvmfs/larsoft.opensciencegrid.org/products/gcc/v8_2_0/Linux64bit+2.6-2.12/lib64]
  collapse library dir [/lib/../lib64] ==> [/lib64]
  collapse library dir [/usr/lib/../lib64] ==> [/usr/lib64]
  collapse library dir [/cvmfs/larsoft.opensciencegrid.org/products/gcc/v8_2_0/Linux64bit+2.6-2.12/bin/../lib/gcc/x86_64-pc-linux-gnu/8.2.0/../../..] ==> [/cvmfs/larsoft.opensciencegrid.org/products/gcc/v8_2_0/Linux64bit+2.6-2.12/lib]
  implicit libs: [gcc;gcc_s;c;gcc;gcc_s]
  implicit dirs: [/cvmfs/larsoft.opensciencegrid.org/products/gcc/v8_2_0/Linux64bit+2.6-2.12/lib/gcc/x86_64-pc-linux-gnu/8.2.0;/cvmfs/larsoft.opensciencegrid.org/products/gcc/v8_2_0/Linux64bit+2.6-2.12/lib/gcc;/cvmfs/larsoft.opensciencegrid.org/products/gcc/v8_2_0/Linux64bit+2.6-2.12/lib64;/lib64;/usr/lib64;/cvmfs/larsoft.opensciencegrid.org/products/gcc/v8_2_0/Linux64bit+2.6-2.12/lib]
  implicit fwks: []




Detecting C [-std=c11] compiler features compiled with the following output:
Change Dir: /icarus/app/users/aw325/Analysis/icarus_pmt_analysis/buildir/CMakeFiles/CMakeTmp

Run Build Command(s):/usr/bin/gmake cmTC_3d65e/fast 
/usr/bin/gmake -f CMakeFiles/cmTC_3d65e.dir/build.make CMakeFiles/cmTC_3d65e.dir/build
gmake[1]: Entering directory `/icarus/app/users/aw325/Analysis/icarus_pmt_analysis/buildir/CMakeFiles/CMakeTmp'
Building C object CMakeFiles/cmTC_3d65e.dir/feature_tests.c.o
/cvmfs/fermilab.opensciencegrid.org/products/larsoft/gcc/v8_2_0/Linux64bit+2.6-2.12/bin/cc   -std=c11 -o CMakeFiles/cmTC_3d65e.dir/feature_tests.c.o   -c /icarus/app/users/aw325/Analysis/icarus_pmt_analysis/buildir/CMakeFiles/feature_tests.c
Linking C executable cmTC_3d65e
/cvmfs/larsoft.opensciencegrid.org/products/cmake/v3_14_3/Linux64bit+2.6-2.12/bin/cmake -E cmake_link_script CMakeFiles/cmTC_3d65e.dir/link.txt --verbose=1
/cvmfs/fermilab.opensciencegrid.org/products/larsoft/gcc/v8_2_0/Linux64bit+2.6-2.12/bin/cc      -rdynamic CMakeFiles/cmTC_3d65e.dir/feature_tests.c.o  -o cmTC_3d65e 
gmake[1]: Leaving directory `/icarus/app/users/aw325/Analysis/icarus_pmt_analysis/buildir/CMakeFiles/CMakeTmp'


    Feature record: C_FEATURE:1c_function_prototypes
    Feature record: C_FEATURE:1c_restrict
    Feature record: C_FEATURE:1c_static_assert
    Feature record: C_FEATURE:1c_variadic_macros


Detecting C [-std=c99] compiler features compiled with the following output:
Change Dir: /icarus/app/users/aw325/Analysis/icarus_pmt_analysis/buildir/CMakeFiles/CMakeTmp

Run Build Command(s):/usr/bin/gmake cmTC_e8d15/fast 
/usr/bin/gmake -f CMakeFiles/cmTC_e8d15.dir/build.make CMakeFiles/cmTC_e8d15.dir/build
gmake[1]: Entering directory `/icarus/app/users/aw325/Analysis/icarus_pmt_analysis/buildir/CMakeFiles/CMakeTmp'
Building C object CMakeFiles/cmTC_e8d15.dir/feature_tests.c.o
/cvmfs/fermilab.opensciencegrid.org/products/larsoft/gcc/v8_2_0/Linux64bit+2.6-2.12/bin/cc   -std=c99 -o CMakeFiles/cmTC_e8d15.dir/feature_tests.c.o   -c /icarus/app/users/aw325/Analysis/icarus_pmt_analysis/buildir/CMakeFiles/feature_tests.c
Linking C executable cmTC_e8d15
/cvmfs/larsoft.opensciencegrid.org/products/cmake/v3_14_3/Linux64bit+2.6-2.12/bin/cmake -E cmake_link_script CMakeFiles/cmTC_e8d15.dir/link.txt --verbose=1
/cvmfs/fermilab.opensciencegrid.org/products/larsoft/gcc/v8_2_0/Linux64bit+2.6-2.12/bin/cc      -rdynamic CMakeFiles/cmTC_e8d15.dir/feature_tests.c.o  -o cmTC_e8d15 
gmake[1]: Leaving directory `/icarus/app/users/aw325/Analysis/icarus_pmt_analysis/buildir/CMakeFiles/CMakeTmp'


    Feature record: C_FEATURE:1c_function_prototypes
    Feature record: C_FEATURE:1c_restrict
    Feature record: C_FEATURE:0c_static_assert
    Feature record: C_FEATURE:1c_variadic_macros


Detecting C [-std=c90] compiler features compiled with the following output:
Change Dir: /icarus/app/users/aw325/Analysis/icarus_pmt_analysis/buildir/CMakeFiles/CMakeTmp

Run Build Command(s):/usr/bin/gmake cmTC_27ba7/fast 
/usr/bin/gmake -f CMakeFiles/cmTC_27ba7.dir/build.make CMakeFiles/cmTC_27ba7.dir/build
gmake[1]: Entering directory `/icarus/app/users/aw325/Analysis/icarus_pmt_analysis/buildir/CMakeFiles/CMakeTmp'
Building C object CMakeFiles/cmTC_27ba7.dir/feature_tests.c.o
/cvmfs/fermilab.opensciencegrid.org/products/larsoft/gcc/v8_2_0/Linux64bit+2.6-2.12/bin/cc   -std=c90 -o CMakeFiles/cmTC_27ba7.dir/feature_tests.c.o   -c /icarus/app/users/aw325/Analysis/icarus_pmt_analysis/buildir/CMakeFiles/feature_tests.c
Linking C executable cmTC_27ba7
/cvmfs/larsoft.opensciencegrid.org/products/cmake/v3_14_3/Linux64bit+2.6-2.12/bin/cmake -E cmake_link_script CMakeFiles/cmTC_27ba7.dir/link.txt --verbose=1
/cvmfs/fermilab.opensciencegrid.org/products/larsoft/gcc/v8_2_0/Linux64bit+2.6-2.12/bin/cc      -rdynamic CMakeFiles/cmTC_27ba7.dir/feature_tests.c.o  -o cmTC_27ba7 
gmake[1]: Leaving directory `/icarus/app/users/aw325/Analysis/icarus_pmt_analysis/buildir/CMakeFiles/CMakeTmp'


    Feature record: C_FEATURE:1c_function_prototypes
    Feature record: C_FEATURE:0c_restrict
    Feature record: C_FEATURE:0c_static_assert
    Feature record: C_FEATURE:0c_variadic_macros
Determining if the CXX compiler works passed with the following output:
Change Dir: /icarus/app/users/aw325/Analysis/icarus_pmt_analysis/buildir/CMakeFiles/CMakeTmp

Run Build Command(s):/usr/bin/gmake cmTC_4c8d8/fast 
/usr/bin/gmake -f CMakeFiles/cmTC_4c8d8.dir/build.make CMakeFiles/cmTC_4c8d8.dir/build
gmake[1]: Entering directory `/icarus/app/users/aw325/Analysis/icarus_pmt_analysis/buildir/CMakeFiles/CMakeTmp'
Building CXX object CMakeFiles/cmTC_4c8d8.dir/testCXXCompiler.cxx.o
/cvmfs/fermilab.opensciencegrid.org/products/larsoft/gcc/v8_2_0/Linux64bit+2.6-2.12/bin/c++     -o CMakeFiles/cmTC_4c8d8.dir/testCXXCompiler.cxx.o -c /icarus/app/users/aw325/Analysis/icarus_pmt_analysis/buildir/CMakeFiles/CMakeTmp/testCXXCompiler.cxx
Linking CXX executable cmTC_4c8d8
/cvmfs/larsoft.opensciencegrid.org/products/cmake/v3_14_3/Linux64bit+2.6-2.12/bin/cmake -E cmake_link_script CMakeFiles/cmTC_4c8d8.dir/link.txt --verbose=1
/cvmfs/fermilab.opensciencegrid.org/products/larsoft/gcc/v8_2_0/Linux64bit+2.6-2.12/bin/c++       -rdynamic CMakeFiles/cmTC_4c8d8.dir/testCXXCompiler.cxx.o  -o cmTC_4c8d8 
gmake[1]: Leaving directory `/icarus/app/users/aw325/Analysis/icarus_pmt_analysis/buildir/CMakeFiles/CMakeTmp'


Detecting CXX compiler ABI info compiled with the following output:
Change Dir: /icarus/app/users/aw325/Analysis/icarus_pmt_analysis/buildir/CMakeFiles/CMakeTmp

Run Build Command(s):/usr/bin/gmake cmTC_0d434/fast 
/usr/bin/gmake -f CMakeFiles/cmTC_0d434.dir/build.make CMakeFiles/cmTC_0d434.dir/build
gmake[1]: Entering directory `/icarus/app/users/aw325/Analysis/icarus_pmt_analysis/buildir/CMakeFiles/CMakeTmp'
Building CXX object CMakeFiles/cmTC_0d434.dir/CMakeCXXCompilerABI.cpp.o
/cvmfs/fermilab.opensciencegrid.org/products/larsoft/gcc/v8_2_0/Linux64bit+2.6-2.12/bin/c++    -v -o CMakeFiles/cmTC_0d434.dir/CMakeCXXCompilerABI.cpp.o -c /cvmfs/larsoft.opensciencegrid.org/products/cmake/v3_14_3/Linux64bit+2.6-2.12/share/cmake-3.14/Modules/CMakeCXXCompilerABI.cpp
Using built-in specs.
COLLECT_GCC=/cvmfs/fermilab.opensciencegrid.org/products/larsoft/gcc/v8_2_0/Linux64bit+2.6-2.12/bin/c++
Target: x86_64-pc-linux-gnu
Configured with: ./configure --prefix=/home/greenc/work/cet-is/test-products/gcc/v8_2_0/Linux64bit+2.6-2.12 --disable-libgcj --enable-threads=posix --enable-__cxa_atexit --enable-languages=c,c++,fortran,lto --with-system-zlib --enable-libstdcxx-time=rt --enable-stage1-checking=yes --enable-checking=release --enable-plugin
Thread model: posix
gcc version 8.2.0 (GCC) 
COLLECT_GCC_OPTIONS='-v' '-o' 'CMakeFiles/cmTC_0d434.dir/CMakeCXXCompilerABI.cpp.o' '-c' '-shared-libgcc' '-mtune=generic' '-march=x86-64'
 /cvmfs/larsoft.opensciencegrid.org/products/gcc/v8_2_0/Linux64bit+2.6-2.12/bin/../libexec/gcc/x86_64-pc-linux-gnu/8.2.0/cc1plus -quiet -v -iprefix /cvmfs/larsoft.opensciencegrid.org/products/gcc/v8_2_0/Linux64bit+2.6-2.12/bin/../lib/gcc/x86_64-pc-linux-gnu/8.2.0/ -D_GNU_SOURCE /cvmfs/larsoft.opensciencegrid.org/products/cmake/v3_14_3/Linux64bit+2.6-2.12/share/cmake-3.14/Modules/CMakeCXXCompilerABI.cpp -quiet -dumpbase CMakeCXXCompilerABI.cpp -mtune=generic -march=x86-64 -auxbase-strip CMakeFiles/cmTC_0d434.dir/CMakeCXXCompilerABI.cpp.o -version -o /tmp/cchsJVO3.s
GNU C++14 (GCC) version 8.2.0 (x86_64-pc-linux-gnu)
	compiled by GNU C version 8.2.0, GMP version 6.1.2, MPFR version 4.0.1-p11, MPC version 1.1.0, isl version isl-0.18-GMP

GGC heuristics: --param ggc-min-expand=100 --param ggc-min-heapsize=131072
ignoring nonexistent directory "/cvmfs/larsoft.opensciencegrid.org/products/gcc/v8_2_0/Linux64bit+2.6-2.12/bin/../lib/gcc/x86_64-pc-linux-gnu/8.2.0/../../../../x86_64-pc-linux-gnu/include"
ignoring duplicate directory "/cvmfs/larsoft.opensciencegrid.org/products/gcc/v8_2_0/Linux64bit+2.6-2.12/bin/../lib/gcc/../../lib/gcc/x86_64-pc-linux-gnu/8.2.0/../../../../include/c++/8.2.0"
ignoring duplicate directory "/cvmfs/larsoft.opensciencegrid.org/products/gcc/v8_2_0/Linux64bit+2.6-2.12/bin/../lib/gcc/../../lib/gcc/x86_64-pc-linux-gnu/8.2.0/../../../../include/c++/8.2.0/x86_64-pc-linux-gnu"
ignoring duplicate directory "/cvmfs/larsoft.opensciencegrid.org/products/gcc/v8_2_0/Linux64bit+2.6-2.12/bin/../lib/gcc/../../lib/gcc/x86_64-pc-linux-gnu/8.2.0/../../../../include/c++/8.2.0/backward"
ignoring duplicate directory "/cvmfs/larsoft.opensciencegrid.org/products/gcc/v8_2_0/Linux64bit+2.6-2.12/bin/../lib/gcc/../../lib/gcc/x86_64-pc-linux-gnu/8.2.0/include"
ignoring duplicate directory "/cvmfs/larsoft.opensciencegrid.org/products/gcc/v8_2_0/Linux64bit+2.6-2.12/bin/../lib/gcc/../../lib/gcc/x86_64-pc-linux-gnu/8.2.0/include-fixed"
ignoring nonexistent directory "/cvmfs/larsoft.opensciencegrid.org/products/gcc/v8_2_0/Linux64bit+2.6-2.12/bin/../lib/gcc/../../lib/gcc/x86_64-pc-linux-gnu/8.2.0/../../../../x86_64-pc-linux-gnu/include"
#include "..." search starts here:
#include <...> search starts here:
 /cvmfs/fermilab.opensciencegrid.org/products/larsoft/tbb/v2019_3/Linux64bit+2.6-2.12-e19-debug/include
 /cvmfs/larsoft.opensciencegrid.org/products/gcc/v8_2_0/Linux64bit+2.6-2.12/bin/../lib/gcc/x86_64-pc-linux-gnu/8.2.0/../../../../include/c++/8.2.0
 /cvmfs/larsoft.opensciencegrid.org/products/gcc/v8_2_0/Linux64bit+2.6-2.12/bin/../lib/gcc/x86_64-pc-linux-gnu/8.2.0/../../../../include/c++/8.2.0/x86_64-pc-linux-gnu
 /cvmfs/larsoft.opensciencegrid.org/products/gcc/v8_2_0/Linux64bit+2.6-2.12/bin/../lib/gcc/x86_64-pc-linux-gnu/8.2.0/../../../../include/c++/8.2.0/backward
 /cvmfs/larsoft.opensciencegrid.org/products/gcc/v8_2_0/Linux64bit+2.6-2.12/bin/../lib/gcc/x86_64-pc-linux-gnu/8.2.0/include
 /cvmfs/larsoft.opensciencegrid.org/products/gcc/v8_2_0/Linux64bit+2.6-2.12/bin/../lib/gcc/x86_64-pc-linux-gnu/8.2.0/include-fixed
 /usr/local/include
 /cvmfs/larsoft.opensciencegrid.org/products/gcc/v8_2_0/Linux64bit+2.6-2.12/bin/../lib/gcc/../../include
 /usr/include
End of search list.
GNU C++14 (GCC) version 8.2.0 (x86_64-pc-linux-gnu)
	compiled by GNU C version 8.2.0, GMP version 6.1.2, MPFR version 4.0.1-p11, MPC version 1.1.0, isl version isl-0.18-GMP

GGC heuristics: --param ggc-min-expand=100 --param ggc-min-heapsize=131072
Compiler executable checksum: b87580e65acf44b80fce3bd657e9e80c
COLLECT_GCC_OPTIONS='-v' '-o' 'CMakeFiles/cmTC_0d434.dir/CMakeCXXCompilerABI.cpp.o' '-c' '-shared-libgcc' '-mtune=generic' '-march=x86-64'
 as -v --64 -o CMakeFiles/cmTC_0d434.dir/CMakeCXXCompilerABI.cpp.o /tmp/cchsJVO3.s
GNU assembler version 2.20.51.0.2 (x86_64-redhat-linux) using BFD version version 2.20.51.0.2-5.48.el6 20100205
COMPILER_PATH=/cvmfs/larsoft.opensciencegrid.org/products/gcc/v8_2_0/Linux64bit+2.6-2.12/bin/../libexec/gcc/x86_64-pc-linux-gnu/8.2.0/:/cvmfs/larsoft.opensciencegrid.org/products/gcc/v8_2_0/Linux64bit+2.6-2.12/bin/../libexec/gcc/:/cvmfs/fermilab.opensciencegrid.org/products/larsoft/gcc/v8_2_0/Linux64bit+2.6-2.12/bin/
LIBRARY_PATH=/cvmfs/larsoft.opensciencegrid.org/products/gcc/v8_2_0/Linux64bit+2.6-2.12/bin/../lib/gcc/x86_64-pc-linux-gnu/8.2.0/:/cvmfs/larsoft.opensciencegrid.org/products/gcc/v8_2_0/Linux64bit+2.6-2.12/bin/../lib/gcc/:/cvmfs/larsoft.opensciencegrid.org/products/gcc/v8_2_0/Linux64bit+2.6-2.12/bin/../lib/gcc/x86_64-pc-linux-gnu/8.2.0/../../../../lib64/:/lib/../lib64/:/usr/lib/../lib64/:/cvmfs/larsoft.opensciencegrid.org/products/gcc/v8_2_0/Linux64bit+2.6-2.12/bin/../lib/gcc/x86_64-pc-linux-gnu/8.2.0/../../../:/lib/:/usr/lib/
COLLECT_GCC_OPTIONS='-v' '-o' 'CMakeFiles/cmTC_0d434.dir/CMakeCXXCompilerABI.cpp.o' '-c' '-shared-libgcc' '-mtune=generic' '-march=x86-64'
Linking CXX executable cmTC_0d434
/cvmfs/larsoft.opensciencegrid.org/products/cmake/v3_14_3/Linux64bit+2.6-2.12/bin/cmake -E cmake_link_script CMakeFiles/cmTC_0d434.dir/link.txt --verbose=1
/cvmfs/fermilab.opensciencegrid.org/products/larsoft/gcc/v8_2_0/Linux64bit+2.6-2.12/bin/c++      -v -rdynamic CMakeFiles/cmTC_0d434.dir/CMakeCXXCompilerABI.cpp.o  -o cmTC_0d434 
Using built-in specs.
COLLECT_GCC=/cvmfs/fermilab.opensciencegrid.org/products/larsoft/gcc/v8_2_0/Linux64bit+2.6-2.12/bin/c++
COLLECT_LTO_WRAPPER=/cvmfs/larsoft.opensciencegrid.org/products/gcc/v8_2_0/Linux64bit+2.6-2.12/bin/../libexec/gcc/x86_64-pc-linux-gnu/8.2.0/lto-wrapper
Target: x86_64-pc-linux-gnu
Configured with: ./configure --prefix=/home/greenc/work/cet-is/test-products/gcc/v8_2_0/Linux64bit+2.6-2.12 --disable-libgcj --enable-threads=posix --enable-__cxa_atexit --enable-languages=c,c++,fortran,lto --with-system-zlib --enable-libstdcxx-time=rt --enable-stage1-checking=yes --enable-checking=release --enable-plugin
Thread model: posix
gcc version 8.2.0 (GCC) 
COMPILER_PATH=/cvmfs/larsoft.opensciencegrid.org/products/gcc/v8_2_0/Linux64bit+2.6-2.12/bin/../libexec/gcc/x86_64-pc-linux-gnu/8.2.0/:/cvmfs/larsoft.opensciencegrid.org/products/gcc/v8_2_0/Linux64bit+2.6-2.12/bin/../libexec/gcc/:/cvmfs/fermilab.opensciencegrid.org/products/larsoft/gcc/v8_2_0/Linux64bit+2.6-2.12/bin/
LIBRARY_PATH=/cvmfs/larsoft.opensciencegrid.org/products/gcc/v8_2_0/Linux64bit+2.6-2.12/bin/../lib/gcc/x86_64-pc-linux-gnu/8.2.0/:/cvmfs/larsoft.opensciencegrid.org/products/gcc/v8_2_0/Linux64bit+2.6-2.12/bin/../lib/gcc/:/cvmfs/larsoft.opensciencegrid.org/products/gcc/v8_2_0/Linux64bit+2.6-2.12/bin/../lib/gcc/x86_64-pc-linux-gnu/8.2.0/../../../../lib64/:/lib/../lib64/:/usr/lib/../lib64/:/cvmfs/larsoft.opensciencegrid.org/products/gcc/v8_2_0/Linux64bit+2.6-2.12/bin/../lib/gcc/x86_64-pc-linux-gnu/8.2.0/../../../:/lib/:/usr/lib/
COLLECT_GCC_OPTIONS='-v' '-rdynamic' '-o' 'cmTC_0d434' '-shared-libgcc' '-mtune=generic' '-march=x86-64'
 /cvmfs/larsoft.opensciencegrid.org/products/gcc/v8_2_0/Linux64bit+2.6-2.12/bin/../libexec/gcc/x86_64-pc-linux-gnu/8.2.0/collect2 --eh-frame-hdr -m elf_x86_64 -export-dynamic -dynamic-linker /lib64/ld-linux-x86-64.so.2 -o cmTC_0d434 /usr/lib/../lib64/crt1.o /usr/lib/../lib64/crti.o /cvmfs/larsoft.opensciencegrid.org/products/gcc/v8_2_0/Linux64bit+2.6-2.12/bin/../lib/gcc/x86_64-pc-linux-gnu/8.2.0/crtbegin.o -L/cvmfs/larsoft.opensciencegrid.org/products/gcc/v8_2_0/Linux64bit+2.6-2.12/bin/../lib/gcc/x86_64-pc-linux-gnu/8.2.0 -L/cvmfs/larsoft.opensciencegrid.org/products/gcc/v8_2_0/Linux64bit+2.6-2.12/bin/../lib/gcc -L/cvmfs/larsoft.opensciencegrid.org/products/gcc/v8_2_0/Linux64bit+2.6-2.12/bin/../lib/gcc/x86_64-pc-linux-gnu/8.2.0/../../../../lib64 -L/lib/../lib64 -L/usr/lib/../lib64 -L/cvmfs/larsoft.opensciencegrid.org/products/gcc/v8_2_0/Linux64bit+2.6-2.12/bin/../lib/gcc/x86_64-pc-linux-gnu/8.2.0/../../.. CMakeFiles/cmTC_0d434.dir/CMakeCXXCompilerABI.cpp.o -lstdc++ -lm -lgcc_s -lgcc -lc -lgcc_s -lgcc /cvmfs/larsoft.opensciencegrid.org/products/gcc/v8_2_0/Linux64bit+2.6-2.12/bin/../lib/gcc/x86_64-pc-linux-gnu/8.2.0/crtend.o /usr/lib/../lib64/crtn.o
COLLECT_GCC_OPTIONS='-v' '-rdynamic' '-o' 'cmTC_0d434' '-shared-libgcc' '-mtune=generic' '-march=x86-64'
gmake[1]: Leaving directory `/icarus/app/users/aw325/Analysis/icarus_pmt_analysis/buildir/CMakeFiles/CMakeTmp'


Parsed CXX implicit include dir info from above output: rv=done
  found start of include info
  found start of implicit include info
    add: [/cvmfs/fermilab.opensciencegrid.org/products/larsoft/tbb/v2019_3/Linux64bit+2.6-2.12-e19-debug/include]
    add: [/cvmfs/larsoft.opensciencegrid.org/products/gcc/v8_2_0/Linux64bit+2.6-2.12/bin/../lib/gcc/x86_64-pc-linux-gnu/8.2.0/../../../../include/c++/8.2.0]
    add: [/cvmfs/larsoft.opensciencegrid.org/products/gcc/v8_2_0/Linux64bit+2.6-2.12/bin/../lib/gcc/x86_64-pc-linux-gnu/8.2.0/../../../../include/c++/8.2.0/x86_64-pc-linux-gnu]
    add: [/cvmfs/larsoft.opensciencegrid.org/products/gcc/v8_2_0/Linux64bit+2.6-2.12/bin/../lib/gcc/x86_64-pc-linux-gnu/8.2.0/../../../../include/c++/8.2.0/backward]
    add: [/cvmfs/larsoft.opensciencegrid.org/products/gcc/v8_2_0/Linux64bit+2.6-2.12/bin/../lib/gcc/x86_64-pc-linux-gnu/8.2.0/include]
    add: [/cvmfs/larsoft.opensciencegrid.org/products/gcc/v8_2_0/Linux64bit+2.6-2.12/bin/../lib/gcc/x86_64-pc-linux-gnu/8.2.0/include-fixed]
    add: [/usr/local/include]
    add: [/cvmfs/larsoft.opensciencegrid.org/products/gcc/v8_2_0/Linux64bit+2.6-2.12/bin/../lib/gcc/../../include]
    add: [/usr/include]
  end of search list found
  collapse include dir [/cvmfs/fermilab.opensciencegrid.org/products/larsoft/tbb/v2019_3/Linux64bit+2.6-2.12-e19-debug/include] ==> [/cvmfs/fermilab.opensciencegrid.org/products/larsoft/tbb/v2019_3/Linux64bit+2.6-2.12-e19-debug/include]
  collapse include dir [/cvmfs/larsoft.opensciencegrid.org/products/gcc/v8_2_0/Linux64bit+2.6-2.12/bin/../lib/gcc/x86_64-pc-linux-gnu/8.2.0/../../../../include/c++/8.2.0] ==> [/cvmfs/larsoft.opensciencegrid.org/products/gcc/v8_2_0/Linux64bit+2.6-2.12/include/c++/8.2.0]
  collapse include dir [/cvmfs/larsoft.opensciencegrid.org/products/gcc/v8_2_0/Linux64bit+2.6-2.12/bin/../lib/gcc/x86_64-pc-linux-gnu/8.2.0/../../../../include/c++/8.2.0/x86_64-pc-linux-gnu] ==> [/cvmfs/larsoft.opensciencegrid.org/products/gcc/v8_2_0/Linux64bit+2.6-2.12/include/c++/8.2.0/x86_64-pc-linux-gnu]
  collapse include dir [/cvmfs/larsoft.opensciencegrid.org/products/gcc/v8_2_0/Linux64bit+2.6-2.12/bin/../lib/gcc/x86_64-pc-linux-gnu/8.2.0/../../../../include/c++/8.2.0/backward] ==> [/cvmfs/larsoft.opensciencegrid.org/products/gcc/v8_2_0/Linux64bit+2.6-2.12/include/c++/8.2.0/backward]
  collapse include dir [/cvmfs/larsoft.opensciencegrid.org/products/gcc/v8_2_0/Linux64bit+2.6-2.12/bin/../lib/gcc/x86_64-pc-linux-gnu/8.2.0/include] ==> [/cvmfs/larsoft.opensciencegrid.org/products/gcc/v8_2_0/Linux64bit+2.6-2.12/lib/gcc/x86_64-pc-linux-gnu/8.2.0/include]
  collapse include dir [/cvmfs/larsoft.opensciencegrid.org/products/gcc/v8_2_0/Linux64bit+2.6-2.12/bin/../lib/gcc/x86_64-pc-linux-gnu/8.2.0/include-fixed] ==> [/cvmfs/larsoft.opensciencegrid.org/products/gcc/v8_2_0/Linux64bit+2.6-2.12/lib/gcc/x86_64-pc-linux-gnu/8.2.0/include-fixed]
  collapse include dir [/usr/local/include] ==> [/usr/local/include]
  collapse include dir [/cvmfs/larsoft.opensciencegrid.org/products/gcc/v8_2_0/Linux64bit+2.6-2.12/bin/../lib/gcc/../../include] ==> [/cvmfs/larsoft.opensciencegrid.org/products/gcc/v8_2_0/Linux64bit+2.6-2.12/include]
  collapse include dir [/usr/include] ==> [/usr/include]
  implicit include dirs: [/cvmfs/fermilab.opensciencegrid.org/products/larsoft/tbb/v2019_3/Linux64bit+2.6-2.12-e19-debug/include;/cvmfs/larsoft.opensciencegrid.org/products/gcc/v8_2_0/Linux64bit+2.6-2.12/include/c++/8.2.0;/cvmfs/larsoft.opensciencegrid.org/products/gcc/v8_2_0/Linux64bit+2.6-2.12/include/c++/8.2.0/x86_64-pc-linux-gnu;/cvmfs/larsoft.opensciencegrid.org/products/gcc/v8_2_0/Linux64bit+2.6-2.12/include/c++/8.2.0/backward;/cvmfs/larsoft.opensciencegrid.org/products/gcc/v8_2_0/Linux64bit+2.6-2.12/lib/gcc/x86_64-pc-linux-gnu/8.2.0/include;/cvmfs/larsoft.opensciencegrid.org/products/gcc/v8_2_0/Linux64bit+2.6-2.12/lib/gcc/x86_64-pc-linux-gnu/8.2.0/include-fixed;/usr/local/include;/cvmfs/larsoft.opensciencegrid.org/products/gcc/v8_2_0/Linux64bit+2.6-2.12/include;/usr/include]


Parsed CXX implicit link information from above output:
  link line regex: [^( *|.*[/\])(ld|CMAKE_LINK_STARTFILE-NOTFOUND|([^/\]+-)?ld|collect2)[^/\]*( |$)]
  ignore line: [Change Dir: /icarus/app/users/aw325/Analysis/icarus_pmt_analysis/buildir/CMakeFiles/CMakeTmp]
  ignore line: []
  ignore line: [Run Build Command(s):/usr/bin/gmake cmTC_0d434/fast ]
  ignore line: [/usr/bin/gmake -f CMakeFiles/cmTC_0d434.dir/build.make CMakeFiles/cmTC_0d434.dir/build]
  ignore line: [gmake[1]: Entering directory `/icarus/app/users/aw325/Analysis/icarus_pmt_analysis/buildir/CMakeFiles/CMakeTmp']
  ignore line: [Building CXX object CMakeFiles/cmTC_0d434.dir/CMakeCXXCompilerABI.cpp.o]
  ignore line: [/cvmfs/fermilab.opensciencegrid.org/products/larsoft/gcc/v8_2_0/Linux64bit+2.6-2.12/bin/c++    -v -o CMakeFiles/cmTC_0d434.dir/CMakeCXXCompilerABI.cpp.o -c /cvmfs/larsoft.opensciencegrid.org/products/cmake/v3_14_3/Linux64bit+2.6-2.12/share/cmake-3.14/Modules/CMakeCXXCompilerABI.cpp]
  ignore line: [Using built-in specs.]
  ignore line: [COLLECT_GCC=/cvmfs/fermilab.opensciencegrid.org/products/larsoft/gcc/v8_2_0/Linux64bit+2.6-2.12/bin/c++]
  ignore line: [Target: x86_64-pc-linux-gnu]
  ignore line: [Configured with: ./configure --prefix=/home/greenc/work/cet-is/test-products/gcc/v8_2_0/Linux64bit+2.6-2.12 --disable-libgcj --enable-threads=posix --enable-__cxa_atexit --enable-languages=c,c++,fortran,lto --with-system-zlib --enable-libstdcxx-time=rt --enable-stage1-checking=yes --enable-checking=release --enable-plugin]
  ignore line: [Thread model: posix]
  ignore line: [gcc version 8.2.0 (GCC) ]
  ignore line: [COLLECT_GCC_OPTIONS='-v' '-o' 'CMakeFiles/cmTC_0d434.dir/CMakeCXXCompilerABI.cpp.o' '-c' '-shared-libgcc' '-mtune=generic' '-march=x86-64']
  ignore line: [ /cvmfs/larsoft.opensciencegrid.org/products/gcc/v8_2_0/Linux64bit+2.6-2.12/bin/../libexec/gcc/x86_64-pc-linux-gnu/8.2.0/cc1plus -quiet -v -iprefix /cvmfs/larsoft.opensciencegrid.org/products/gcc/v8_2_0/Linux64bit+2.6-2.12/bin/../lib/gcc/x86_64-pc-linux-gnu/8.2.0/ -D_GNU_SOURCE /cvmfs/larsoft.opensciencegrid.org/products/cmake/v3_14_3/Linux64bit+2.6-2.12/share/cmake-3.14/Modules/CMakeCXXCompilerABI.cpp -quiet -dumpbase CMakeCXXCompilerABI.cpp -mtune=generic -march=x86-64 -auxbase-strip CMakeFiles/cmTC_0d434.dir/CMakeCXXCompilerABI.cpp.o -version -o /tmp/cchsJVO3.s]
  ignore line: [GNU C++14 (GCC) version 8.2.0 (x86_64-pc-linux-gnu)]
  ignore line: [	compiled by GNU C version 8.2.0, GMP version 6.1.2, MPFR version 4.0.1-p11, MPC version 1.1.0, isl version isl-0.18-GMP]
  ignore line: []
  ignore line: [GGC heuristics: --param ggc-min-expand=100 --param ggc-min-heapsize=131072]
  ignore line: [ignoring nonexistent directory "/cvmfs/larsoft.opensciencegrid.org/products/gcc/v8_2_0/Linux64bit+2.6-2.12/bin/../lib/gcc/x86_64-pc-linux-gnu/8.2.0/../../../../x86_64-pc-linux-gnu/include"]
  ignore line: [ignoring duplicate directory "/cvmfs/larsoft.opensciencegrid.org/products/gcc/v8_2_0/Linux64bit+2.6-2.12/bin/../lib/gcc/../../lib/gcc/x86_64-pc-linux-gnu/8.2.0/../../../../include/c++/8.2.0"]
  ignore line: [ignoring duplicate directory "/cvmfs/larsoft.opensciencegrid.org/products/gcc/v8_2_0/Linux64bit+2.6-2.12/bin/../lib/gcc/../../lib/gcc/x86_64-pc-linux-gnu/8.2.0/../../../../include/c++/8.2.0/x86_64-pc-linux-gnu"]
  ignore line: [ignoring duplicate directory "/cvmfs/larsoft.opensciencegrid.org/products/gcc/v8_2_0/Linux64bit+2.6-2.12/bin/../lib/gcc/../../lib/gcc/x86_64-pc-linux-gnu/8.2.0/../../../../include/c++/8.2.0/backward"]
  ignore line: [ignoring duplicate directory "/cvmfs/larsoft.opensciencegrid.org/products/gcc/v8_2_0/Linux64bit+2.6-2.12/bin/../lib/gcc/../../lib/gcc/x86_64-pc-linux-gnu/8.2.0/include"]
  ignore line: [ignoring duplicate directory "/cvmfs/larsoft.opensciencegrid.org/products/gcc/v8_2_0/Linux64bit+2.6-2.12/bin/../lib/gcc/../../lib/gcc/x86_64-pc-linux-gnu/8.2.0/include-fixed"]
  ignore line: [ignoring nonexistent directory "/cvmfs/larsoft.opensciencegrid.org/products/gcc/v8_2_0/Linux64bit+2.6-2.12/bin/../lib/gcc/../../lib/gcc/x86_64-pc-linux-gnu/8.2.0/../../../../x86_64-pc-linux-gnu/include"]
  ignore line: [#include "..." search starts here:]
  ignore line: [#include <...> search starts here:]
  ignore line: [ /cvmfs/fermilab.opensciencegrid.org/products/larsoft/tbb/v2019_3/Linux64bit+2.6-2.12-e19-debug/include]
  ignore line: [ /cvmfs/larsoft.opensciencegrid.org/products/gcc/v8_2_0/Linux64bit+2.6-2.12/bin/../lib/gcc/x86_64-pc-linux-gnu/8.2.0/../../../../include/c++/8.2.0]
  ignore line: [ /cvmfs/larsoft.opensciencegrid.org/products/gcc/v8_2_0/Linux64bit+2.6-2.12/bin/../lib/gcc/x86_64-pc-linux-gnu/8.2.0/../../../../include/c++/8.2.0/x86_64-pc-linux-gnu]
  ignore line: [ /cvmfs/larsoft.opensciencegrid.org/products/gcc/v8_2_0/Linux64bit+2.6-2.12/bin/../lib/gcc/x86_64-pc-linux-gnu/8.2.0/../../../../include/c++/8.2.0/backward]
  ignore line: [ /cvmfs/larsoft.opensciencegrid.org/products/gcc/v8_2_0/Linux64bit+2.6-2.12/bin/../lib/gcc/x86_64-pc-linux-gnu/8.2.0/include]
  ignore line: [ /cvmfs/larsoft.opensciencegrid.org/products/gcc/v8_2_0/Linux64bit+2.6-2.12/bin/../lib/gcc/x86_64-pc-linux-gnu/8.2.0/include-fixed]
  ignore line: [ /usr/local/include]
  ignore line: [ /cvmfs/larsoft.opensciencegrid.org/products/gcc/v8_2_0/Linux64bit+2.6-2.12/bin/../lib/gcc/../../include]
  ignore line: [ /usr/include]
  ignore line: [End of search list.]
  ignore line: [GNU C++14 (GCC) version 8.2.0 (x86_64-pc-linux-gnu)]
  ignore line: [	compiled by GNU C version 8.2.0, GMP version 6.1.2, MPFR version 4.0.1-p11, MPC version 1.1.0, isl version isl-0.18-GMP]
  ignore line: []
  ignore line: [GGC heuristics: --param ggc-min-expand=100 --param ggc-min-heapsize=131072]
  ignore line: [Compiler executable checksum: b87580e65acf44b80fce3bd657e9e80c]
  ignore line: [COLLECT_GCC_OPTIONS='-v' '-o' 'CMakeFiles/cmTC_0d434.dir/CMakeCXXCompilerABI.cpp.o' '-c' '-shared-libgcc' '-mtune=generic' '-march=x86-64']
  ignore line: [ as -v --64 -o CMakeFiles/cmTC_0d434.dir/CMakeCXXCompilerABI.cpp.o /tmp/cchsJVO3.s]
  ignore line: [GNU assembler version 2.20.51.0.2 (x86_64-redhat-linux) using BFD version version 2.20.51.0.2-5.48.el6 20100205]
  ignore line: [COMPILER_PATH=/cvmfs/larsoft.opensciencegrid.org/products/gcc/v8_2_0/Linux64bit+2.6-2.12/bin/../libexec/gcc/x86_64-pc-linux-gnu/8.2.0/:/cvmfs/larsoft.opensciencegrid.org/products/gcc/v8_2_0/Linux64bit+2.6-2.12/bin/../libexec/gcc/:/cvmfs/fermilab.opensciencegrid.org/products/larsoft/gcc/v8_2_0/Linux64bit+2.6-2.12/bin/]
  ignore line: [LIBRARY_PATH=/cvmfs/larsoft.opensciencegrid.org/products/gcc/v8_2_0/Linux64bit+2.6-2.12/bin/../lib/gcc/x86_64-pc-linux-gnu/8.2.0/:/cvmfs/larsoft.opensciencegrid.org/products/gcc/v8_2_0/Linux64bit+2.6-2.12/bin/../lib/gcc/:/cvmfs/larsoft.opensciencegrid.org/products/gcc/v8_2_0/Linux64bit+2.6-2.12/bin/../lib/gcc/x86_64-pc-linux-gnu/8.2.0/../../../../lib64/:/lib/../lib64/:/usr/lib/../lib64/:/cvmfs/larsoft.opensciencegrid.org/products/gcc/v8_2_0/Linux64bit+2.6-2.12/bin/../lib/gcc/x86_64-pc-linux-gnu/8.2.0/../../../:/lib/:/usr/lib/]
  ignore line: [COLLECT_GCC_OPTIONS='-v' '-o' 'CMakeFiles/cmTC_0d434.dir/CMakeCXXCompilerABI.cpp.o' '-c' '-shared-libgcc' '-mtune=generic' '-march=x86-64']
  ignore line: [Linking CXX executable cmTC_0d434]
  ignore line: [/cvmfs/larsoft.opensciencegrid.org/products/cmake/v3_14_3/Linux64bit+2.6-2.12/bin/cmake -E cmake_link_script CMakeFiles/cmTC_0d434.dir/link.txt --verbose=1]
  ignore line: [/cvmfs/fermilab.opensciencegrid.org/products/larsoft/gcc/v8_2_0/Linux64bit+2.6-2.12/bin/c++      -v -rdynamic CMakeFiles/cmTC_0d434.dir/CMakeCXXCompilerABI.cpp.o  -o cmTC_0d434 ]
  ignore line: [Using built-in specs.]
  ignore line: [COLLECT_GCC=/cvmfs/fermilab.opensciencegrid.org/products/larsoft/gcc/v8_2_0/Linux64bit+2.6-2.12/bin/c++]
  ignore line: [COLLECT_LTO_WRAPPER=/cvmfs/larsoft.opensciencegrid.org/products/gcc/v8_2_0/Linux64bit+2.6-2.12/bin/../libexec/gcc/x86_64-pc-linux-gnu/8.2.0/lto-wrapper]
  ignore line: [Target: x86_64-pc-linux-gnu]
  ignore line: [Configured with: ./configure --prefix=/home/greenc/work/cet-is/test-products/gcc/v8_2_0/Linux64bit+2.6-2.12 --disable-libgcj --enable-threads=posix --enable-__cxa_atexit --enable-languages=c,c++,fortran,lto --with-system-zlib --enable-libstdcxx-time=rt --enable-stage1-checking=yes --enable-checking=release --enable-plugin]
  ignore line: [Thread model: posix]
  ignore line: [gcc version 8.2.0 (GCC) ]
  ignore line: [COMPILER_PATH=/cvmfs/larsoft.opensciencegrid.org/products/gcc/v8_2_0/Linux64bit+2.6-2.12/bin/../libexec/gcc/x86_64-pc-linux-gnu/8.2.0/:/cvmfs/larsoft.opensciencegrid.org/products/gcc/v8_2_0/Linux64bit+2.6-2.12/bin/../libexec/gcc/:/cvmfs/fermilab.opensciencegrid.org/products/larsoft/gcc/v8_2_0/Linux64bit+2.6-2.12/bin/]
  ignore line: [LIBRARY_PATH=/cvmfs/larsoft.opensciencegrid.org/products/gcc/v8_2_0/Linux64bit+2.6-2.12/bin/../lib/gcc/x86_64-pc-linux-gnu/8.2.0/:/cvmfs/larsoft.opensciencegrid.org/products/gcc/v8_2_0/Linux64bit+2.6-2.12/bin/../lib/gcc/:/cvmfs/larsoft.opensciencegrid.org/products/gcc/v8_2_0/Linux64bit+2.6-2.12/bin/../lib/gcc/x86_64-pc-linux-gnu/8.2.0/../../../../lib64/:/lib/../lib64/:/usr/lib/../lib64/:/cvmfs/larsoft.opensciencegrid.org/products/gcc/v8_2_0/Linux64bit+2.6-2.12/bin/../lib/gcc/x86_64-pc-linux-gnu/8.2.0/../../../:/lib/:/usr/lib/]
  ignore line: [COLLECT_GCC_OPTIONS='-v' '-rdynamic' '-o' 'cmTC_0d434' '-shared-libgcc' '-mtune=generic' '-march=x86-64']
  link line: [ /cvmfs/larsoft.opensciencegrid.org/products/gcc/v8_2_0/Linux64bit+2.6-2.12/bin/../libexec/gcc/x86_64-pc-linux-gnu/8.2.0/collect2 --eh-frame-hdr -m elf_x86_64 -export-dynamic -dynamic-linker /lib64/ld-linux-x86-64.so.2 -o cmTC_0d434 /usr/lib/../lib64/crt1.o /usr/lib/../lib64/crti.o /cvmfs/larsoft.opensciencegrid.org/products/gcc/v8_2_0/Linux64bit+2.6-2.12/bin/../lib/gcc/x86_64-pc-linux-gnu/8.2.0/crtbegin.o -L/cvmfs/larsoft.opensciencegrid.org/products/gcc/v8_2_0/Linux64bit+2.6-2.12/bin/../lib/gcc/x86_64-pc-linux-gnu/8.2.0 -L/cvmfs/larsoft.opensciencegrid.org/products/gcc/v8_2_0/Linux64bit+2.6-2.12/bin/../lib/gcc -L/cvmfs/larsoft.opensciencegrid.org/products/gcc/v8_2_0/Linux64bit+2.6-2.12/bin/../lib/gcc/x86_64-pc-linux-gnu/8.2.0/../../../../lib64 -L/lib/../lib64 -L/usr/lib/../lib64 -L/cvmfs/larsoft.opensciencegrid.org/products/gcc/v8_2_0/Linux64bit+2.6-2.12/bin/../lib/gcc/x86_64-pc-linux-gnu/8.2.0/../../.. CMakeFiles/cmTC_0d434.dir/CMakeCXXCompilerABI.cpp.o -lstdc++ -lm -lgcc_s -lgcc -lc -lgcc_s -lgcc /cvmfs/larsoft.opensciencegrid.org/products/gcc/v8_2_0/Linux64bit+2.6-2.12/bin/../lib/gcc/x86_64-pc-linux-gnu/8.2.0/crtend.o /usr/lib/../lib64/crtn.o]
    arg [/cvmfs/larsoft.opensciencegrid.org/products/gcc/v8_2_0/Linux64bit+2.6-2.12/bin/../libexec/gcc/x86_64-pc-linux-gnu/8.2.0/collect2] ==> ignore
    arg [--eh-frame-hdr] ==> ignore
    arg [-m] ==> ignore
    arg [elf_x86_64] ==> ignore
    arg [-export-dynamic] ==> ignore
    arg [-dynamic-linker] ==> ignore
    arg [/lib64/ld-linux-x86-64.so.2] ==> ignore
    arg [-o] ==> ignore
    arg [cmTC_0d434] ==> ignore
    arg [/usr/lib/../lib64/crt1.o] ==> ignore
    arg [/usr/lib/../lib64/crti.o] ==> ignore
    arg [/cvmfs/larsoft.opensciencegrid.org/products/gcc/v8_2_0/Linux64bit+2.6-2.12/bin/../lib/gcc/x86_64-pc-linux-gnu/8.2.0/crtbegin.o] ==> ignore
    arg [-L/cvmfs/larsoft.opensciencegrid.org/products/gcc/v8_2_0/Linux64bit+2.6-2.12/bin/../lib/gcc/x86_64-pc-linux-gnu/8.2.0] ==> dir [/cvmfs/larsoft.opensciencegrid.org/products/gcc/v8_2_0/Linux64bit+2.6-2.12/bin/../lib/gcc/x86_64-pc-linux-gnu/8.2.0]
    arg [-L/cvmfs/larsoft.opensciencegrid.org/products/gcc/v8_2_0/Linux64bit+2.6-2.12/bin/../lib/gcc] ==> dir [/cvmfs/larsoft.opensciencegrid.org/products/gcc/v8_2_0/Linux64bit+2.6-2.12/bin/../lib/gcc]
    arg [-L/cvmfs/larsoft.opensciencegrid.org/products/gcc/v8_2_0/Linux64bit+2.6-2.12/bin/../lib/gcc/x86_64-pc-linux-gnu/8.2.0/../../../../lib64] ==> dir [/cvmfs/larsoft.opensciencegrid.org/products/gcc/v8_2_0/Linux64bit+2.6-2.12/bin/../lib/gcc/x86_64-pc-linux-gnu/8.2.0/../../../../lib64]
    arg [-L/lib/../lib64] ==> dir [/lib/../lib64]
    arg [-L/usr/lib/../lib64] ==> dir [/usr/lib/../lib64]
    arg [-L/cvmfs/larsoft.opensciencegrid.org/products/gcc/v8_2_0/Linux64bit+2.6-2.12/bin/../lib/gcc/x86_64-pc-linux-gnu/8.2.0/../../..] ==> dir [/cvmfs/larsoft.opensciencegrid.org/products/gcc/v8_2_0/Linux64bit+2.6-2.12/bin/../lib/gcc/x86_64-pc-linux-gnu/8.2.0/../../..]
    arg [CMakeFiles/cmTC_0d434.dir/CMakeCXXCompilerABI.cpp.o] ==> ignore
    arg [-lstdc++] ==> lib [stdc++]
    arg [-lm] ==> lib [m]
    arg [-lgcc_s] ==> lib [gcc_s]
    arg [-lgcc] ==> lib [gcc]
    arg [-lc] ==> lib [c]
    arg [-lgcc_s] ==> lib [gcc_s]
    arg [-lgcc] ==> lib [gcc]
    arg [/cvmfs/larsoft.opensciencegrid.org/products/gcc/v8_2_0/Linux64bit+2.6-2.12/bin/../lib/gcc/x86_64-pc-linux-gnu/8.2.0/crtend.o] ==> ignore
    arg [/usr/lib/../lib64/crtn.o] ==> ignore
  collapse library dir [/cvmfs/larsoft.opensciencegrid.org/products/gcc/v8_2_0/Linux64bit+2.6-2.12/bin/../lib/gcc/x86_64-pc-linux-gnu/8.2.0] ==> [/cvmfs/larsoft.opensciencegrid.org/products/gcc/v8_2_0/Linux64bit+2.6-2.12/lib/gcc/x86_64-pc-linux-gnu/8.2.0]
  collapse library dir [/cvmfs/larsoft.opensciencegrid.org/products/gcc/v8_2_0/Linux64bit+2.6-2.12/bin/../lib/gcc] ==> [/cvmfs/larsoft.opensciencegrid.org/products/gcc/v8_2_0/Linux64bit+2.6-2.12/lib/gcc]
  collapse library dir [/cvmfs/larsoft.opensciencegrid.org/products/gcc/v8_2_0/Linux64bit+2.6-2.12/bin/../lib/gcc/x86_64-pc-linux-gnu/8.2.0/../../../../lib64] ==> [/cvmfs/larsoft.opensciencegrid.org/products/gcc/v8_2_0/Linux64bit+2.6-2.12/lib64]
  collapse library dir [/lib/../lib64] ==> [/lib64]
  collapse library dir [/usr/lib/../lib64] ==> [/usr/lib64]
  collapse library dir [/cvmfs/larsoft.opensciencegrid.org/products/gcc/v8_2_0/Linux64bit+2.6-2.12/bin/../lib/gcc/x86_64-pc-linux-gnu/8.2.0/../../..] ==> [/cvmfs/larsoft.opensciencegrid.org/products/gcc/v8_2_0/Linux64bit+2.6-2.12/lib]
  implicit libs: [stdc++;m;gcc_s;gcc;c;gcc_s;gcc]
  implicit dirs: [/cvmfs/larsoft.opensciencegrid.org/products/gcc/v8_2_0/Linux64bit+2.6-2.12/lib/gcc/x86_64-pc-linux-gnu/8.2.0;/cvmfs/larsoft.opensciencegrid.org/products/gcc/v8_2_0/Linux64bit+2.6-2.12/lib/gcc;/cvmfs/larsoft.opensciencegrid.org/products/gcc/v8_2_0/Linux64bit+2.6-2.12/lib64;/lib64;/usr/lib64;/cvmfs/larsoft.opensciencegrid.org/products/gcc/v8_2_0/Linux64bit+2.6-2.12/lib]
  implicit fwks: []




Detecting CXX [-std=c++2a] compiler features compiled with the following output:
Change Dir: /icarus/app/users/aw325/Analysis/icarus_pmt_analysis/buildir/CMakeFiles/CMakeTmp

Run Build Command(s):/usr/bin/gmake cmTC_44d7a/fast 
/usr/bin/gmake -f CMakeFiles/cmTC_44d7a.dir/build.make CMakeFiles/cmTC_44d7a.dir/build
gmake[1]: Entering directory `/icarus/app/users/aw325/Analysis/icarus_pmt_analysis/buildir/CMakeFiles/CMakeTmp'
Building CXX object CMakeFiles/cmTC_44d7a.dir/feature_tests.cxx.o
/cvmfs/fermilab.opensciencegrid.org/products/larsoft/gcc/v8_2_0/Linux64bit+2.6-2.12/bin/c++    -std=c++2a -o CMakeFiles/cmTC_44d7a.dir/feature_tests.cxx.o -c /icarus/app/users/aw325/Analysis/icarus_pmt_analysis/buildir/CMakeFiles/feature_tests.cxx
Linking CXX executable cmTC_44d7a
/cvmfs/larsoft.opensciencegrid.org/products/cmake/v3_14_3/Linux64bit+2.6-2.12/bin/cmake -E cmake_link_script CMakeFiles/cmTC_44d7a.dir/link.txt --verbose=1
/cvmfs/fermilab.opensciencegrid.org/products/larsoft/gcc/v8_2_0/Linux64bit+2.6-2.12/bin/c++       -rdynamic CMakeFiles/cmTC_44d7a.dir/feature_tests.cxx.o  -o cmTC_44d7a 
gmake[1]: Leaving directory `/icarus/app/users/aw325/Analysis/icarus_pmt_analysis/buildir/CMakeFiles/CMakeTmp'


    Feature record: CXX_FEATURE:1cxx_aggregate_default_initializers
    Feature record: CXX_FEATURE:1cxx_alias_templates
    Feature record: CXX_FEATURE:1cxx_alignas
    Feature record: CXX_FEATURE:1cxx_alignof
    Feature record: CXX_FEATURE:1cxx_attributes
    Feature record: CXX_FEATURE:1cxx_attribute_deprecated
    Feature record: CXX_FEATURE:1cxx_auto_type
    Feature record: CXX_FEATURE:1cxx_binary_literals
    Feature record: CXX_FEATURE:1cxx_constexpr
    Feature record: CXX_FEATURE:1cxx_contextual_conversions
    Feature record: CXX_FEATURE:1cxx_decltype
    Feature record: CXX_FEATURE:1cxx_decltype_auto
    Feature record: CXX_FEATURE:1cxx_decltype_incomplete_return_types
    Feature record: CXX_FEATURE:1cxx_default_function_template_args
    Feature record: CXX_FEATURE:1cxx_defaulted_functions
    Feature record: CXX_FEATURE:1cxx_defaulted_move_initializers
    Feature record: CXX_FEATURE:1cxx_delegating_constructors
    Feature record: CXX_FEATURE:1cxx_deleted_functions
    Feature record: CXX_FEATURE:1cxx_digit_separators
    Feature record: CXX_FEATURE:1cxx_enum_forward_declarations
    Feature record: CXX_FEATURE:1cxx_explicit_conversions
    Feature record: CXX_FEATURE:1cxx_extended_friend_declarations
    Feature record: CXX_FEATURE:1cxx_extern_templates
    Feature record: CXX_FEATURE:1cxx_final
    Feature record: CXX_FEATURE:1cxx_func_identifier
    Feature record: CXX_FEATURE:1cxx_generalized_initializers
    Feature record: CXX_FEATURE:1cxx_generic_lambdas
    Feature record: CXX_FEATURE:1cxx_inheriting_constructors
    Feature record: CXX_FEATURE:1cxx_inline_namespaces
    Feature record: CXX_FEATURE:1cxx_lambdas
    Feature record: CXX_FEATURE:1cxx_lambda_init_captures
    Feature record: CXX_FEATURE:1cxx_local_type_template_args
    Feature record: CXX_FEATURE:1cxx_long_long_type
    Feature record: CXX_FEATURE:1cxx_noexcept
    Feature record: CXX_FEATURE:1cxx_nonstatic_member_init
    Feature record: CXX_FEATURE:1cxx_nullptr
    Feature record: CXX_FEATURE:1cxx_override
    Feature record: CXX_FEATURE:1cxx_range_for
    Feature record: CXX_FEATURE:1cxx_raw_string_literals
    Feature record: CXX_FEATURE:1cxx_reference_qualified_functions
    Feature record: CXX_FEATURE:1cxx_relaxed_constexpr
    Feature record: CXX_FEATURE:1cxx_return_type_deduction
    Feature record: CXX_FEATURE:1cxx_right_angle_brackets
    Feature record: CXX_FEATURE:1cxx_rvalue_references
    Feature record: CXX_FEATURE:1cxx_sizeof_member
    Feature record: CXX_FEATURE:1cxx_static_assert
    Feature record: CXX_FEATURE:1cxx_strong_enums
    Feature record: CXX_FEATURE:1cxx_template_template_parameters
    Feature record: CXX_FEATURE:1cxx_thread_local
    Feature record: CXX_FEATURE:1cxx_trailing_return_types
    Feature record: CXX_FEATURE:1cxx_unicode_literals
    Feature record: CXX_FEATURE:1cxx_uniform_initialization
    Feature record: CXX_FEATURE:1cxx_unrestricted_unions
    Feature record: CXX_FEATURE:1cxx_user_literals
    Feature record: CXX_FEATURE:1cxx_variable_templates
    Feature record: CXX_FEATURE:1cxx_variadic_macros
    Feature record: CXX_FEATURE:1cxx_variadic_templates


Detecting CXX [-std=c++17] compiler features compiled with the following output:
Change Dir: /icarus/app/users/aw325/Analysis/icarus_pmt_analysis/buildir/CMakeFiles/CMakeTmp

Run Build Command(s):/usr/bin/gmake cmTC_cc63f/fast 
/usr/bin/gmake -f CMakeFiles/cmTC_cc63f.dir/build.make CMakeFiles/cmTC_cc63f.dir/build
gmake[1]: Entering directory `/icarus/app/users/aw325/Analysis/icarus_pmt_analysis/buildir/CMakeFiles/CMakeTmp'
Building CXX object CMakeFiles/cmTC_cc63f.dir/feature_tests.cxx.o
/cvmfs/fermilab.opensciencegrid.org/products/larsoft/gcc/v8_2_0/Linux64bit+2.6-2.12/bin/c++    -std=c++17 -o CMakeFiles/cmTC_cc63f.dir/feature_tests.cxx.o -c /icarus/app/users/aw325/Analysis/icarus_pmt_analysis/buildir/CMakeFiles/feature_tests.cxx
Linking CXX executable cmTC_cc63f
/cvmfs/larsoft.opensciencegrid.org/products/cmake/v3_14_3/Linux64bit+2.6-2.12/bin/cmake -E cmake_link_script CMakeFiles/cmTC_cc63f.dir/link.txt --verbose=1
/cvmfs/fermilab.opensciencegrid.org/products/larsoft/gcc/v8_2_0/Linux64bit+2.6-2.12/bin/c++       -rdynamic CMakeFiles/cmTC_cc63f.dir/feature_tests.cxx.o  -o cmTC_cc63f 
gmake[1]: Leaving directory `/icarus/app/users/aw325/Analysis/icarus_pmt_analysis/buildir/CMakeFiles/CMakeTmp'


    Feature record: CXX_FEATURE:1cxx_aggregate_default_initializers
    Feature record: CXX_FEATURE:1cxx_alias_templates
    Feature record: CXX_FEATURE:1cxx_alignas
    Feature record: CXX_FEATURE:1cxx_alignof
    Feature record: CXX_FEATURE:1cxx_attributes
    Feature record: CXX_FEATURE:1cxx_attribute_deprecated
    Feature record: CXX_FEATURE:1cxx_auto_type
    Feature record: CXX_FEATURE:1cxx_binary_literals
    Feature record: CXX_FEATURE:1cxx_constexpr
    Feature record: CXX_FEATURE:1cxx_contextual_conversions
    Feature record: CXX_FEATURE:1cxx_decltype
    Feature record: CXX_FEATURE:1cxx_decltype_auto
    Feature record: CXX_FEATURE:1cxx_decltype_incomplete_return_types
    Feature record: CXX_FEATURE:1cxx_default_function_template_args
    Feature record: CXX_FEATURE:1cxx_defaulted_functions
    Feature record: CXX_FEATURE:1cxx_defaulted_move_initializers
    Feature record: CXX_FEATURE:1cxx_delegating_constructors
    Feature record: CXX_FEATURE:1cxx_deleted_functions
    Feature record: CXX_FEATURE:1cxx_digit_separators
    Feature record: CXX_FEATURE:1cxx_enum_forward_declarations
    Feature record: CXX_FEATURE:1cxx_explicit_conversions
    Feature record: CXX_FEATURE:1cxx_extended_friend_declarations
    Feature record: CXX_FEATURE:1cxx_extern_templates
    Feature record: CXX_FEATURE:1cxx_final
    Feature record: CXX_FEATURE:1cxx_func_identifier
    Feature record: CXX_FEATURE:1cxx_generalized_initializers
    Feature record: CXX_FEATURE:1cxx_generic_lambdas
    Feature record: CXX_FEATURE:1cxx_inheriting_constructors
    Feature record: CXX_FEATURE:1cxx_inline_namespaces
    Feature record: CXX_FEATURE:1cxx_lambdas
    Feature record: CXX_FEATURE:1cxx_lambda_init_captures
    Feature record: CXX_FEATURE:1cxx_local_type_template_args
    Feature record: CXX_FEATURE:1cxx_long_long_type
    Feature record: CXX_FEATURE:1cxx_noexcept
    Feature record: CXX_FEATURE:1cxx_nonstatic_member_init
    Feature record: CXX_FEATURE:1cxx_nullptr
    Feature record: CXX_FEATURE:1cxx_override
    Feature record: CXX_FEATURE:1cxx_range_for
    Feature record: CXX_FEATURE:1cxx_raw_string_literals
    Feature record: CXX_FEATURE:1cxx_reference_qualified_functions
    Feature record: CXX_FEATURE:1cxx_relaxed_constexpr
    Feature record: CXX_FEATURE:1cxx_return_type_deduction
    Feature record: CXX_FEATURE:1cxx_right_angle_brackets
    Feature record: CXX_FEATURE:1cxx_rvalue_references
    Feature record: CXX_FEATURE:1cxx_sizeof_member
    Feature record: CXX_FEATURE:1cxx_static_assert
    Feature record: CXX_FEATURE:1cxx_strong_enums
    Feature record: CXX_FEATURE:1cxx_template_template_parameters
    Feature record: CXX_FEATURE:1cxx_thread_local
    Feature record: CXX_FEATURE:1cxx_trailing_return_types
    Feature record: CXX_FEATURE:1cxx_unicode_literals
    Feature record: CXX_FEATURE:1cxx_uniform_initialization
    Feature record: CXX_FEATURE:1cxx_unrestricted_unions
    Feature record: CXX_FEATURE:1cxx_user_literals
    Feature record: CXX_FEATURE:1cxx_variable_templates
    Feature record: CXX_FEATURE:1cxx_variadic_macros
    Feature record: CXX_FEATURE:1cxx_variadic_templates


Detecting CXX [-std=c++14] compiler features compiled with the following output:
Change Dir: /icarus/app/users/aw325/Analysis/icarus_pmt_analysis/buildir/CMakeFiles/CMakeTmp

Run Build Command(s):/usr/bin/gmake cmTC_57d63/fast 
/usr/bin/gmake -f CMakeFiles/cmTC_57d63.dir/build.make CMakeFiles/cmTC_57d63.dir/build
gmake[1]: Entering directory `/icarus/app/users/aw325/Analysis/icarus_pmt_analysis/buildir/CMakeFiles/CMakeTmp'
Building CXX object CMakeFiles/cmTC_57d63.dir/feature_tests.cxx.o
/cvmfs/fermilab.opensciencegrid.org/products/larsoft/gcc/v8_2_0/Linux64bit+2.6-2.12/bin/c++    -std=c++14 -o CMakeFiles/cmTC_57d63.dir/feature_tests.cxx.o -c /icarus/app/users/aw325/Analysis/icarus_pmt_analysis/buildir/CMakeFiles/feature_tests.cxx
Linking CXX executable cmTC_57d63
/cvmfs/larsoft.opensciencegrid.org/products/cmake/v3_14_3/Linux64bit+2.6-2.12/bin/cmake -E cmake_link_script CMakeFiles/cmTC_57d63.dir/link.txt --verbose=1
/cvmfs/fermilab.opensciencegrid.org/products/larsoft/gcc/v8_2_0/Linux64bit+2.6-2.12/bin/c++       -rdynamic CMakeFiles/cmTC_57d63.dir/feature_tests.cxx.o  -o cmTC_57d63 
gmake[1]: Leaving directory `/icarus/app/users/aw325/Analysis/icarus_pmt_analysis/buildir/CMakeFiles/CMakeTmp'


    Feature record: CXX_FEATURE:1cxx_aggregate_default_initializers
    Feature record: CXX_FEATURE:1cxx_alias_templates
    Feature record: CXX_FEATURE:1cxx_alignas
    Feature record: CXX_FEATURE:1cxx_alignof
    Feature record: CXX_FEATURE:1cxx_attributes
    Feature record: CXX_FEATURE:1cxx_attribute_deprecated
    Feature record: CXX_FEATURE:1cxx_auto_type
    Feature record: CXX_FEATURE:1cxx_binary_literals
    Feature record: CXX_FEATURE:1cxx_constexpr
    Feature record: CXX_FEATURE:1cxx_contextual_conversions
    Feature record: CXX_FEATURE:1cxx_decltype
    Feature record: CXX_FEATURE:1cxx_decltype_auto
    Feature record: CXX_FEATURE:1cxx_decltype_incomplete_return_types
    Feature record: CXX_FEATURE:1cxx_default_function_template_args
    Feature record: CXX_FEATURE:1cxx_defaulted_functions
    Feature record: CXX_FEATURE:1cxx_defaulted_move_initializers
    Feature record: CXX_FEATURE:1cxx_delegating_constructors
    Feature record: CXX_FEATURE:1cxx_deleted_functions
    Feature record: CXX_FEATURE:1cxx_digit_separators
    Feature record: CXX_FEATURE:1cxx_enum_forward_declarations
    Feature record: CXX_FEATURE:1cxx_explicit_conversions
    Feature record: CXX_FEATURE:1cxx_extended_friend_declarations
    Feature record: CXX_FEATURE:1cxx_extern_templates
    Feature record: CXX_FEATURE:1cxx_final
    Feature record: CXX_FEATURE:1cxx_func_identifier
    Feature record: CXX_FEATURE:1cxx_generalized_initializers
    Feature record: CXX_FEATURE:1cxx_generic_lambdas
    Feature record: CXX_FEATURE:1cxx_inheriting_constructors
    Feature record: CXX_FEATURE:1cxx_inline_namespaces
    Feature record: CXX_FEATURE:1cxx_lambdas
    Feature record: CXX_FEATURE:1cxx_lambda_init_captures
    Feature record: CXX_FEATURE:1cxx_local_type_template_args
    Feature record: CXX_FEATURE:1cxx_long_long_type
    Feature record: CXX_FEATURE:1cxx_noexcept
    Feature record: CXX_FEATURE:1cxx_nonstatic_member_init
    Feature record: CXX_FEATURE:1cxx_nullptr
    Feature record: CXX_FEATURE:1cxx_override
    Feature record: CXX_FEATURE:1cxx_range_for
    Feature record: CXX_FEATURE:1cxx_raw_string_literals
    Feature record: CXX_FEATURE:1cxx_reference_qualified_functions
    Feature record: CXX_FEATURE:1cxx_relaxed_constexpr
    Feature record: CXX_FEATURE:1cxx_return_type_deduction
    Feature record: CXX_FEATURE:1cxx_right_angle_brackets
    Feature record: CXX_FEATURE:1cxx_rvalue_references
    Feature record: CXX_FEATURE:1cxx_sizeof_member
    Feature record: CXX_FEATURE:1cxx_static_assert
    Feature record: CXX_FEATURE:1cxx_strong_enums
    Feature record: CXX_FEATURE:1cxx_template_template_parameters
    Feature record: CXX_FEATURE:1cxx_thread_local
    Feature record: CXX_FEATURE:1cxx_trailing_return_types
    Feature record: CXX_FEATURE:1cxx_unicode_literals
    Feature record: CXX_FEATURE:1cxx_uniform_initialization
    Feature record: CXX_FEATURE:1cxx_unrestricted_unions
    Feature record: CXX_FEATURE:1cxx_user_literals
    Feature record: CXX_FEATURE:1cxx_variable_templates
    Feature record: CXX_FEATURE:1cxx_variadic_macros
    Feature record: CXX_FEATURE:1cxx_variadic_templates


Detecting CXX [-std=c++11] compiler features compiled with the following output:
Change Dir: /icarus/app/users/aw325/Analysis/icarus_pmt_analysis/buildir/CMakeFiles/CMakeTmp

Run Build Command(s):/usr/bin/gmake cmTC_70fb2/fast 
/usr/bin/gmake -f CMakeFiles/cmTC_70fb2.dir/build.make CMakeFiles/cmTC_70fb2.dir/build
gmake[1]: Entering directory `/icarus/app/users/aw325/Analysis/icarus_pmt_analysis/buildir/CMakeFiles/CMakeTmp'
Building CXX object CMakeFiles/cmTC_70fb2.dir/feature_tests.cxx.o
/cvmfs/fermilab.opensciencegrid.org/products/larsoft/gcc/v8_2_0/Linux64bit+2.6-2.12/bin/c++    -std=c++11 -o CMakeFiles/cmTC_70fb2.dir/feature_tests.cxx.o -c /icarus/app/users/aw325/Analysis/icarus_pmt_analysis/buildir/CMakeFiles/feature_tests.cxx
Linking CXX executable cmTC_70fb2
/cvmfs/larsoft.opensciencegrid.org/products/cmake/v3_14_3/Linux64bit+2.6-2.12/bin/cmake -E cmake_link_script CMakeFiles/cmTC_70fb2.dir/link.txt --verbose=1
/cvmfs/fermilab.opensciencegrid.org/products/larsoft/gcc/v8_2_0/Linux64bit+2.6-2.12/bin/c++       -rdynamic CMakeFiles/cmTC_70fb2.dir/feature_tests.cxx.o  -o cmTC_70fb2 
gmake[1]: Leaving directory `/icarus/app/users/aw325/Analysis/icarus_pmt_analysis/buildir/CMakeFiles/CMakeTmp'


    Feature record: CXX_FEATURE:0cxx_aggregate_default_initializers
    Feature record: CXX_FEATURE:1cxx_alias_templates
    Feature record: CXX_FEATURE:1cxx_alignas
    Feature record: CXX_FEATURE:1cxx_alignof
    Feature record: CXX_FEATURE:1cxx_attributes
    Feature record: CXX_FEATURE:0cxx_attribute_deprecated
    Feature record: CXX_FEATURE:1cxx_auto_type
    Feature record: CXX_FEATURE:0cxx_binary_literals
    Feature record: CXX_FEATURE:1cxx_constexpr
    Feature record: CXX_FEATURE:0cxx_contextual_conversions
    Feature record: CXX_FEATURE:1cxx_decltype
    Feature record: CXX_FEATURE:0cxx_decltype_auto
    Feature record: CXX_FEATURE:1cxx_decltype_incomplete_return_types
    Feature record: CXX_FEATURE:1cxx_default_function_template_args
    Feature record: CXX_FEATURE:1cxx_defaulted_functions
    Feature record: CXX_FEATURE:1cxx_defaulted_move_initializers
    Feature record: CXX_FEATURE:1cxx_delegating_constructors
    Feature record: CXX_FEATURE:1cxx_deleted_functions
    Feature record: CXX_FEATURE:0cxx_digit_separators
    Feature record: CXX_FEATURE:1cxx_enum_forward_declarations
    Feature record: CXX_FEATURE:1cxx_explicit_conversions
    Feature record: CXX_FEATURE:1cxx_extended_friend_declarations
    Feature record: CXX_FEATURE:1cxx_extern_templates
    Feature record: CXX_FEATURE:1cxx_final
    Feature record: CXX_FEATURE:1cxx_func_identifier
    Feature record: CXX_FEATURE:1cxx_generalized_initializers
    Feature record: CXX_FEATURE:0cxx_generic_lambdas
    Feature record: CXX_FEATURE:1cxx_inheriting_constructors
    Feature record: CXX_FEATURE:1cxx_inline_namespaces
    Feature record: CXX_FEATURE:1cxx_lambdas
    Feature record: CXX_FEATURE:0cxx_lambda_init_captures
    Feature record: CXX_FEATURE:1cxx_local_type_template_args
    Feature record: CXX_FEATURE:1cxx_long_long_type
    Feature record: CXX_FEATURE:1cxx_noexcept
    Feature record: CXX_FEATURE:1cxx_nonstatic_member_init
    Feature record: CXX_FEATURE:1cxx_nullptr
    Feature record: CXX_FEATURE:1cxx_override
    Feature record: CXX_FEATURE:1cxx_range_for
    Feature record: CXX_FEATURE:1cxx_raw_string_literals
    Feature record: CXX_FEATURE:1cxx_reference_qualified_functions
    Feature record: CXX_FEATURE:0cxx_relaxed_constexpr
    Feature record: CXX_FEATURE:0cxx_return_type_deduction
    Feature record: CXX_FEATURE:1cxx_right_angle_brackets
    Feature record: CXX_FEATURE:1cxx_rvalue_references
    Feature record: CXX_FEATURE:1cxx_sizeof_member
    Feature record: CXX_FEATURE:1cxx_static_assert
    Feature record: CXX_FEATURE:1cxx_strong_enums
    Feature record: CXX_FEATURE:1cxx_template_template_parameters
    Feature record: CXX_FEATURE:1cxx_thread_local
    Feature record: CXX_FEATURE:1cxx_trailing_return_types
    Feature record: CXX_FEATURE:1cxx_unicode_literals
    Feature record: CXX_FEATURE:1cxx_uniform_initialization
    Feature record: CXX_FEATURE:1cxx_unrestricted_unions
    Feature record: CXX_FEATURE:1cxx_user_literals
    Feature record: CXX_FEATURE:0cxx_variable_templates
    Feature record: CXX_FEATURE:1cxx_variadic_macros
    Feature record: CXX_FEATURE:1cxx_variadic_templates


Detecting CXX [-std=c++98] compiler features compiled with the following output:
Change Dir: /icarus/app/users/aw325/Analysis/icarus_pmt_analysis/buildir/CMakeFiles/CMakeTmp

Run Build Command(s):/usr/bin/gmake cmTC_276d1/fast 
/usr/bin/gmake -f CMakeFiles/cmTC_276d1.dir/build.make CMakeFiles/cmTC_276d1.dir/build
gmake[1]: Entering directory `/icarus/app/users/aw325/Analysis/icarus_pmt_analysis/buildir/CMakeFiles/CMakeTmp'
Building CXX object CMakeFiles/cmTC_276d1.dir/feature_tests.cxx.o
/cvmfs/fermilab.opensciencegrid.org/products/larsoft/gcc/v8_2_0/Linux64bit+2.6-2.12/bin/c++    -std=c++98 -o CMakeFiles/cmTC_276d1.dir/feature_tests.cxx.o -c /icarus/app/users/aw325/Analysis/icarus_pmt_analysis/buildir/CMakeFiles/feature_tests.cxx
Linking CXX executable cmTC_276d1
/cvmfs/larsoft.opensciencegrid.org/products/cmake/v3_14_3/Linux64bit+2.6-2.12/bin/cmake -E cmake_link_script CMakeFiles/cmTC_276d1.dir/link.txt --verbose=1
/cvmfs/fermilab.opensciencegrid.org/products/larsoft/gcc/v8_2_0/Linux64bit+2.6-2.12/bin/c++       -rdynamic CMakeFiles/cmTC_276d1.dir/feature_tests.cxx.o  -o cmTC_276d1 
gmake[1]: Leaving directory `/icarus/app/users/aw325/Analysis/icarus_pmt_analysis/buildir/CMakeFiles/CMakeTmp'


    Feature record: CXX_FEATURE:0cxx_aggregate_default_initializers
    Feature record: CXX_FEATURE:0cxx_alias_templates
    Feature record: CXX_FEATURE:0cxx_alignas
    Feature record: CXX_FEATURE:0cxx_alignof
    Feature record: CXX_FEATURE:0cxx_attributes
    Feature record: CXX_FEATURE:0cxx_attribute_deprecated
    Feature record: CXX_FEATURE:0cxx_auto_type
    Feature record: CXX_FEATURE:0cxx_binary_literals
    Feature record: CXX_FEATURE:0cxx_constexpr
    Feature record: CXX_FEATURE:0cxx_contextual_conversions
    Feature record: CXX_FEATURE:0cxx_decltype
    Feature record: CXX_FEATURE:0cxx_decltype_auto
    Feature record: CXX_FEATURE:0cxx_decltype_incomplete_return_types
    Feature record: CXX_FEATURE:0cxx_default_function_template_args
    Feature record: CXX_FEATURE:0cxx_defaulted_functions
    Feature record: CXX_FEATURE:0cxx_defaulted_move_initializers
    Feature record: CXX_FEATURE:0cxx_delegating_constructors
    Feature record: CXX_FEATURE:0cxx_deleted_functions
    Feature record: CXX_FEATURE:0cxx_digit_separators
    Feature record: CXX_FEATURE:0cxx_enum_forward_declarations
    Feature record: CXX_FEATURE:0cxx_explicit_conversions
    Feature record: CXX_FEATURE:0cxx_extended_friend_declarations
    Feature record: CXX_FEATURE:0cxx_extern_templates
    Feature record: CXX_FEATURE:0cxx_final
    Feature record: CXX_FEATURE:0cxx_func_identifier
    Feature record: CXX_FEATURE:0cxx_generalized_initializers
    Feature record: CXX_FEATURE:0cxx_generic_lambdas
    Feature record: CXX_FEATURE:0cxx_inheriting_constructors
    Feature record: CXX_FEATURE:0cxx_inline_namespaces
    Feature record: CXX_FEATURE:0cxx_lambdas
    Feature record: CXX_FEATURE:0cxx_lambda_init_captures
    Feature record: CXX_FEATURE:0cxx_local_type_template_args
    Feature record: CXX_FEATURE:0cxx_long_long_type
    Feature record: CXX_FEATURE:0cxx_noexcept
    Feature record: CXX_FEATURE:0cxx_nonstatic_member_init
    Feature record: CXX_FEATURE:0cxx_nullptr
    Feature record: CXX_FEATURE:0cxx_override
    Feature record: CXX_FEATURE:0cxx_range_for
    Feature record: CXX_FEATURE:0cxx_raw_string_literals
    Feature record: CXX_FEATURE:0cxx_reference_qualified_functions
    Feature record: CXX_FEATURE:0cxx_relaxed_constexpr
    Feature record: CXX_FEATURE:0cxx_return_type_deduction
    Feature record: CXX_FEATURE:0cxx_right_angle_brackets
    Feature record: CXX_FEATURE:0cxx_rvalue_references
    Feature record: CXX_FEATURE:0cxx_sizeof_member
    Feature record: CXX_FEATURE:0cxx_static_assert
    Feature record: CXX_FEATURE:0cxx_strong_enums
    Feature record: CXX_FEATURE:1cxx_template_template_parameters
    Feature record: CXX_FEATURE:0cxx_thread_local
    Feature record: CXX_FEATURE:0cxx_trailing_return_types
    Feature record: CXX_FEATURE:0cxx_unicode_literals
    Feature record: CXX_FEATURE:0cxx_uniform_initialization
    Feature record: CXX_FEATURE:0cxx_unrestricted_unions
    Feature record: CXX_FEATURE:0cxx_user_literals
    Feature record: CXX_FEATURE:0cxx_variable_templates
    Feature record: CXX_FEATURE:0cxx_variadic_macros
    Feature record: CXX_FEATURE:0cxx_variadic_templates
